2024-08-01T14:39:34.462+08:00  INFO 22204 --- [proj-demo] [main] c.bronya.projdemo.ProjDemoApplication    : Starting ProjDemoApplication using Java 21.0.3 with PID 22204 (C:\Users\admin\workspace\backend\proj-demo\target\classes started by admin in C:\Users\admin\workspace\backend\proj-demo)
2024-08-01T14:39:34.462+08:00  INFO 22204 --- [proj-demo] [main] c.bronya.projdemo.ProjDemoApplication    : No active profile set, falling back to 1 default profile: "default"
2024-08-01T14:39:35.849+08:00  INFO 22204 --- [proj-demo] [main] o.s.b.w.embedded.tomcat.TomcatWebServer  : Tomcat initialized with port 8080 (http)
2024-08-01T14:39:35.860+08:00  INFO 22204 --- [proj-demo] [main] o.apache.catalina.core.StandardService   : Starting service [Tomcat]
2024-08-01T14:39:35.860+08:00  INFO 22204 --- [proj-demo] [main] o.apache.catalina.core.StandardEngine    : Starting Servlet engine: [Apache Tomcat/10.1.26]
2024-08-01T14:39:35.905+08:00  INFO 22204 --- [proj-demo] [main] o.a.c.c.C.[Tomcat].[localhost].[/]       : Initializing Spring embedded WebApplicationContext
2024-08-01T14:39:35.905+08:00  INFO 22204 --- [proj-demo] [main] w.s.c.ServletWebServerApplicationContext : Root WebApplicationContext: initialization completed in 1402 ms
2024-08-01T14:39:36.810+08:00  INFO 22204 --- [proj-demo] [main] o.s.b.a.e.web.EndpointLinksResolver      : Exposing 1 endpoint beneath base path '/actuator'
2024-08-01T14:39:36.872+08:00  INFO 22204 --- [proj-demo] [main] o.s.b.w.embedded.tomcat.TomcatWebServer  : Tomcat started on port 8080 (http) with context path '/'
2024-08-01T14:39:36.880+08:00  INFO 22204 --- [proj-demo] [main] c.bronya.projdemo.ProjDemoApplication    : Started ProjDemoApplication in 2.796 seconds (process running for 3.273)
2024-08-01T14:39:37.344+08:00  INFO 22204 --- [proj-demo] [RMI TCP Connection(3)-192.168.220.1] o.a.c.c.C.[Tomcat].[localhost].[/]       : Initializing Spring DispatcherServlet 'dispatcherServlet'
2024-08-01T14:39:37.345+08:00  INFO 22204 --- [proj-demo] [RMI TCP Connection(3)-192.168.220.1] o.s.web.servlet.DispatcherServlet        : Initializing Servlet 'dispatcherServlet'
2024-08-01T14:39:37.346+08:00  INFO 22204 --- [proj-demo] [RMI TCP Connection(3)-192.168.220.1] o.s.web.servlet.DispatcherServlet        : Completed initialization in 1 ms
2024-08-01T14:39:37.348+08:00  INFO 22204 --- [proj-demo] [RMI TCP Connection(2)-192.168.220.1] com.zaxxer.hikari.HikariDataSource       : HikariPool-1 - Starting...
2024-08-01T14:39:37.671+08:00  INFO 22204 --- [proj-demo] [RMI TCP Connection(2)-192.168.220.1] com.zaxxer.hikari.pool.HikariPool        : HikariPool-1 - Added connection com.mysql.cj.jdbc.ConnectionImpl@31979641
2024-08-01T14:39:37.674+08:00  INFO 22204 --- [proj-demo] [RMI TCP Connection(2)-192.168.220.1] com.zaxxer.hikari.HikariDataSource       : HikariPool-1 - Start completed.
2024-08-01T14:40:55.429+08:00  WARN 22204 --- [proj-demo] [http-nio-8080-exec-2] c.b.projdemo.controller.UserController   : token: eyJraWQiOiJicm9ueWEiLCJhbGciOiJIUzI1NiJ9.eyJpZCI6MTUsInVzZXJuYW1lIjoicm9vdCIsImV4cCI6MTcyMjQ5ODA1NX0.ISQCizYBsejqZ7pUjkAwod0lprEJZcq_Pg044uqhQ2o
2024-08-01T14:44:33.123+08:00  INFO 22204 --- [proj-demo] [http-nio-8080-exec-5] c.b.p.interceptor.TokenInterceptor       : interceptor => uri: /user/update
2024-08-01T14:44:33.124+08:00  INFO 22204 --- [proj-demo] [http-nio-8080-exec-5] c.b.p.interceptor.TokenInterceptor       : interceptor => token: null
2024-08-01T14:44:54.633+08:00  INFO 22204 --- [proj-demo] [http-nio-8080-exec-4] c.b.p.interceptor.TokenInterceptor       : interceptor => uri: /user/update
2024-08-01T14:44:54.634+08:00  INFO 22204 --- [proj-demo] [http-nio-8080-exec-4] c.b.p.interceptor.TokenInterceptor       : interceptor => token: null
2024-08-01T14:47:05.021+08:00  WARN 22204 --- [proj-demo] [http-nio-8080-exec-6] c.b.projdemo.controller.UserController   : token: eyJraWQiOiJicm9ueWEiLCJhbGciOiJIUzI1NiJ9.eyJpZCI6MTUsInVzZXJuYW1lIjoicm9vdCIsImV4cCI6MTcyMjQ5ODQyNX0.2Y8xI2ASDywbtJPgt1aDrczVFfohR7QxFjzsCD9nS1c
2024-08-01T14:47:52.144+08:00  INFO 22204 --- [proj-demo] [http-nio-8080-exec-9] c.b.p.interceptor.TokenInterceptor       : interceptor => uri: /user/update
2024-08-01T14:47:52.145+08:00  INFO 22204 --- [proj-demo] [http-nio-8080-exec-9] c.b.p.interceptor.TokenInterceptor       : interceptor => token: eyJraWQiOiJicm9ueWEiLCJhbGciOiJIUzI1NiJ9.eyJpZCI6MTUsInVzZXJuYW1lIjoicm9vdCIsImV4cCI6MTcyMjQ5ODQyNX0.2Y8xI2ASDywbtJPgt1aDrczVFfohR7QxFjzsCD9nS1c
2024-08-01T14:47:52.172+08:00  INFO 22204 --- [proj-demo] [http-nio-8080-exec-9] c.b.p.interceptor.TokenInterceptor       : interceptor => id: 15
2024-08-01T14:47:52.172+08:00  INFO 22204 --- [proj-demo] [http-nio-8080-exec-9] c.b.p.interceptor.TokenInterceptor       : interceptor => username: root
2024-08-01T14:47:52.172+08:00  INFO 22204 --- [proj-demo] [http-nio-8080-exec-9] c.b.p.interceptor.TokenInterceptor       : interceptor => exp: 1722498425
2024-08-01T14:47:52.240+08:00 ERROR 22204 --- [proj-demo] [http-nio-8080-exec-9] c.b.projdemo.exception.ErrorHandler      : Validation failed for argument [0] in public com.bronya.projdemo.pojo.Result<java.lang.String> com.bronya.projdemo.controller.UserController.update(com.bronya.projdemo.pojo.User): [Field error in object 'user' on field 'nickname': rejected value [xxx]; codes [Pattern.user.nickname,Pattern.nickname,Pattern.java.lang.String,Pattern]; arguments [org.springframework.context.support.DefaultMessageSourceResolvable: codes [user.nickname,nickname]; arguments []; default message [nickname],[Ljakarta.validation.constraints.Pattern$Flag;@34fe9560,^\w{4,16}$]; default message [需要匹配正则表达式"^\w{4,16}$"]] 
2024-08-01T14:49:36.480+08:00 ERROR 22204 --- [proj-demo] [http-nio-8080-exec-1] c.b.projdemo.exception.ErrorHandler      : 400 BAD_REQUEST "Validation failure"
2024-08-01T14:51:38.745+08:00  INFO 22204 --- [proj-demo] [http-nio-8080-exec-3] c.b.p.interceptor.TokenInterceptor       : interceptor => uri: /user/userinfo
2024-08-01T14:51:38.746+08:00  INFO 22204 --- [proj-demo] [http-nio-8080-exec-3] c.b.p.interceptor.TokenInterceptor       : interceptor => token: null
2024-08-01T14:52:15.123+08:00  INFO 22204 --- [proj-demo] [http-nio-8080-exec-5] c.b.p.interceptor.TokenInterceptor       : interceptor => uri: /user/userinfo
2024-08-01T14:52:15.124+08:00  INFO 22204 --- [proj-demo] [http-nio-8080-exec-5] c.b.p.interceptor.TokenInterceptor       : interceptor => token: eyJraWQiOiJicm9ueWEiLCJhbGciOiJIUzI1NiJ9.eyJpZCI6MTUsInVzZXJuYW1lIjoicm9vdCIsImV4cCI6MTcyMjQ5ODQyNX0.2Y8xI2ASDywbtJPgt1aDrczVFfohR7QxFjzsCD9nS1c
2024-08-01T14:52:15.125+08:00  INFO 22204 --- [proj-demo] [http-nio-8080-exec-5] c.b.p.interceptor.TokenInterceptor       : interceptor => id: 15
2024-08-01T14:52:15.126+08:00  INFO 22204 --- [proj-demo] [http-nio-8080-exec-5] c.b.p.interceptor.TokenInterceptor       : interceptor => username: root
2024-08-01T14:52:15.126+08:00  INFO 22204 --- [proj-demo] [http-nio-8080-exec-5] c.b.p.interceptor.TokenInterceptor       : interceptor => exp: 1722498425
2024-08-01T14:52:15.128+08:00  INFO 22204 --- [proj-demo] [http-nio-8080-exec-5] c.b.projdemo.controller.UserController   : JWT => username: root
2024-08-01T14:52:15.128+08:00  INFO 22204 --- [proj-demo] [http-nio-8080-exec-5] c.b.projdemo.controller.UserController   : ThreadLocal => username: root
2024-08-01T14:53:22.194+08:00  INFO 22204 --- [proj-demo] [http-nio-8080-exec-7] c.b.p.interceptor.TokenInterceptor       : interceptor => uri: /user/update
2024-08-01T14:53:22.194+08:00  INFO 22204 --- [proj-demo] [http-nio-8080-exec-7] c.b.p.interceptor.TokenInterceptor       : interceptor => token: eyJraWQiOiJicm9ueWEiLCJhbGciOiJIUzI1NiJ9.eyJpZCI6MTUsInVzZXJuYW1lIjoicm9vdCIsImV4cCI6MTcyMjQ5ODQyNX0.2Y8xI2ASDywbtJPgt1aDrczVFfohR7QxFjzsCD9nS1c
2024-08-01T14:53:22.195+08:00  INFO 22204 --- [proj-demo] [http-nio-8080-exec-7] c.b.p.interceptor.TokenInterceptor       : interceptor => id: 15
2024-08-01T14:53:22.196+08:00  INFO 22204 --- [proj-demo] [http-nio-8080-exec-7] c.b.p.interceptor.TokenInterceptor       : interceptor => username: root
2024-08-01T14:53:22.196+08:00  INFO 22204 --- [proj-demo] [http-nio-8080-exec-7] c.b.p.interceptor.TokenInterceptor       : interceptor => exp: 1722498425
2024-08-01T14:53:22.198+08:00 ERROR 22204 --- [proj-demo] [http-nio-8080-exec-7] c.b.projdemo.exception.ErrorHandler      : Validation failed for argument [0] in public com.bronya.projdemo.pojo.Result<java.lang.String> com.bronya.projdemo.controller.UserController.update(com.bronya.projdemo.pojo.User): [Field error in object 'user' on field 'email': rejected value [mambaATgmail.com]; codes [Email.user.email,Email.email,Email.java.lang.String,Email]; arguments [org.springframework.context.support.DefaultMessageSourceResolvable: codes [user.email,email]; arguments []; default message [email],[Ljakarta.validation.constraints.Pattern$Flag;@5a1a5efe,.*]; default message [不是一个合法的电子邮件地址]] 
2024-08-01T14:53:50.341+08:00  INFO 22204 --- [proj-demo] [http-nio-8080-exec-6] c.b.p.interceptor.TokenInterceptor       : interceptor => uri: /user/update
2024-08-01T14:53:50.341+08:00  INFO 22204 --- [proj-demo] [http-nio-8080-exec-6] c.b.p.interceptor.TokenInterceptor       : interceptor => token: eyJraWQiOiJicm9ueWEiLCJhbGciOiJIUzI1NiJ9.eyJpZCI6MTUsInVzZXJuYW1lIjoicm9vdCIsImV4cCI6MTcyMjQ5ODQyNX0.2Y8xI2ASDywbtJPgt1aDrczVFfohR7QxFjzsCD9nS1c
2024-08-01T14:53:50.341+08:00  INFO 22204 --- [proj-demo] [http-nio-8080-exec-6] c.b.p.interceptor.TokenInterceptor       : interceptor => id: 15
2024-08-01T14:53:50.341+08:00  INFO 22204 --- [proj-demo] [http-nio-8080-exec-6] c.b.p.interceptor.TokenInterceptor       : interceptor => username: root
2024-08-01T14:53:50.341+08:00  INFO 22204 --- [proj-demo] [http-nio-8080-exec-6] c.b.p.interceptor.TokenInterceptor       : interceptor => exp: 1722498425
2024-08-01T14:53:50.346+08:00 ERROR 22204 --- [proj-demo] [http-nio-8080-exec-6] c.b.projdemo.exception.ErrorHandler      : Validation failed for argument [0] in public com.bronya.projdemo.pojo.Result<java.lang.String> com.bronya.projdemo.controller.UserController.update(com.bronya.projdemo.pojo.User): [Field error in object 'user' on field 'id': rejected value [null]; codes [NotNull.user.id,NotNull.id,NotNull.java.lang.Integer,NotNull]; arguments [org.springframework.context.support.DefaultMessageSourceResolvable: codes [user.id,id]; arguments []; default message [id]]; default message [不能为null]] 
2024-08-01T14:55:53.432+08:00  INFO 22204 --- [proj-demo] [http-nio-8080-exec-8] c.b.p.interceptor.TokenInterceptor       : interceptor => uri: /user/update
2024-08-01T14:55:53.432+08:00  INFO 22204 --- [proj-demo] [http-nio-8080-exec-8] c.b.p.interceptor.TokenInterceptor       : interceptor => token: eyJraWQiOiJicm9ueWEiLCJhbGciOiJIUzI1NiJ9.eyJpZCI6MTUsInVzZXJuYW1lIjoicm9vdCIsImV4cCI6MTcyMjQ5ODQyNX0.2Y8xI2ASDywbtJPgt1aDrczVFfohR7QxFjzsCD9nS1c
2024-08-01T14:55:53.432+08:00  INFO 22204 --- [proj-demo] [http-nio-8080-exec-8] c.b.p.interceptor.TokenInterceptor       : interceptor => id: 15
2024-08-01T14:55:53.433+08:00  INFO 22204 --- [proj-demo] [http-nio-8080-exec-8] c.b.p.interceptor.TokenInterceptor       : interceptor => username: root
2024-08-01T14:55:53.433+08:00  INFO 22204 --- [proj-demo] [http-nio-8080-exec-8] c.b.p.interceptor.TokenInterceptor       : interceptor => exp: 1722498425
2024-08-01T14:55:53.434+08:00 ERROR 22204 --- [proj-demo] [http-nio-8080-exec-8] c.b.projdemo.exception.ErrorHandler      : Validation failed for argument [0] in public com.bronya.projdemo.pojo.Result<java.lang.String> com.bronya.projdemo.controller.UserController.update(com.bronya.projdemo.pojo.User): [Field error in object 'user' on field 'nickname': rejected value [tt]; codes [Pattern.user.nickname,Pattern.nickname,Pattern.java.lang.String,Pattern]; arguments [org.springframework.context.support.DefaultMessageSourceResolvable: codes [user.nickname,nickname]; arguments []; default message [nickname],[Ljakarta.validation.constraints.Pattern$Flag;@34fe9560,^\w{4,16}$]; default message [需要匹配正则表达式"^\w{4,16}$"]] 
2024-08-01T14:55:59.427+08:00  INFO 22204 --- [proj-demo] [http-nio-8080-exec-10] c.b.p.interceptor.TokenInterceptor       : interceptor => uri: /user/update
2024-08-01T14:55:59.428+08:00  INFO 22204 --- [proj-demo] [http-nio-8080-exec-10] c.b.p.interceptor.TokenInterceptor       : interceptor => token: eyJraWQiOiJicm9ueWEiLCJhbGciOiJIUzI1NiJ9.eyJpZCI6MTUsInVzZXJuYW1lIjoicm9vdCIsImV4cCI6MTcyMjQ5ODQyNX0.2Y8xI2ASDywbtJPgt1aDrczVFfohR7QxFjzsCD9nS1c
2024-08-01T14:55:59.429+08:00  INFO 22204 --- [proj-demo] [http-nio-8080-exec-10] c.b.p.interceptor.TokenInterceptor       : interceptor => id: 15
2024-08-01T14:55:59.429+08:00  INFO 22204 --- [proj-demo] [http-nio-8080-exec-10] c.b.p.interceptor.TokenInterceptor       : interceptor => username: root
2024-08-01T14:55:59.429+08:00  INFO 22204 --- [proj-demo] [http-nio-8080-exec-10] c.b.p.interceptor.TokenInterceptor       : interceptor => exp: 1722498425
2024-08-01T15:05:36.461+08:00  INFO 22204 --- [proj-demo] [SpringApplicationShutdownHook] com.zaxxer.hikari.HikariDataSource       : HikariPool-1 - Shutdown initiated...
2024-08-01T15:05:36.472+08:00  INFO 22204 --- [proj-demo] [SpringApplicationShutdownHook] com.zaxxer.hikari.HikariDataSource       : HikariPool-1 - Shutdown completed.
2024-08-01T15:29:50.070+08:00  INFO 23376 --- [proj-demo] [main] c.b.projdemo.ProjDemoApplicationTests    : Starting ProjDemoApplicationTests using Java 21.0.3 with PID 23376 (started by admin in C:\Users\admin\workspace\backend\proj-demo)
2024-08-01T15:29:50.080+08:00  INFO 23376 --- [proj-demo] [main] c.b.projdemo.ProjDemoApplicationTests    : No active profile set, falling back to 1 default profile: "default"
2024-08-01T15:29:52.260+08:00  INFO 23376 --- [proj-demo] [main] o.s.b.a.e.web.EndpointLinksResolver      : Exposing 1 endpoint beneath base path '/actuator'
2024-08-01T15:29:52.322+08:00  INFO 23376 --- [proj-demo] [main] c.b.projdemo.ProjDemoApplicationTests    : Started ProjDemoApplicationTests in 2.58 seconds (process running for 3.467)
2024-08-01T15:44:16.486+08:00  INFO 1776 --- [proj-demo] [main] c.b.projdemo.ProjDemoApplicationTests    : Starting ProjDemoApplicationTests using Java 21.0.3 with PID 1776 (started by admin in C:\Users\admin\workspace\backend\proj-demo)
2024-08-01T15:44:16.490+08:00  INFO 1776 --- [proj-demo] [main] c.b.projdemo.ProjDemoApplicationTests    : No active profile set, falling back to 1 default profile: "default"
2024-08-01T15:44:18.510+08:00  INFO 1776 --- [proj-demo] [main] o.s.b.a.e.web.EndpointLinksResolver      : Exposing 1 endpoint beneath base path '/actuator'
2024-08-01T15:44:18.560+08:00  INFO 1776 --- [proj-demo] [main] c.b.projdemo.ProjDemoApplicationTests    : Started ProjDemoApplicationTests in 2.37 seconds (process running for 3.081)
2024-08-01T15:44:23.270+08:00  INFO 23356 --- [proj-demo] [main] c.bronya.projdemo.ProjDemoApplication    : Starting ProjDemoApplication using Java 21.0.3 with PID 23356 (C:\Users\admin\workspace\backend\proj-demo\target\classes started by admin in C:\Users\admin\workspace\backend\proj-demo)
2024-08-01T15:44:23.270+08:00  INFO 23356 --- [proj-demo] [main] c.bronya.projdemo.ProjDemoApplication    : No active profile set, falling back to 1 default profile: "default"
2024-08-01T15:44:24.466+08:00  INFO 23356 --- [proj-demo] [main] o.s.b.w.embedded.tomcat.TomcatWebServer  : Tomcat initialized with port 8080 (http)
2024-08-01T15:44:24.476+08:00  INFO 23356 --- [proj-demo] [main] o.apache.catalina.core.StandardService   : Starting service [Tomcat]
2024-08-01T15:44:24.476+08:00  INFO 23356 --- [proj-demo] [main] o.apache.catalina.core.StandardEngine    : Starting Servlet engine: [Apache Tomcat/10.1.26]
2024-08-01T15:44:24.518+08:00  INFO 23356 --- [proj-demo] [main] o.a.c.c.C.[Tomcat].[localhost].[/]       : Initializing Spring embedded WebApplicationContext
2024-08-01T15:44:24.518+08:00  INFO 23356 --- [proj-demo] [main] w.s.c.ServletWebServerApplicationContext : Root WebApplicationContext: initialization completed in 1212 ms
2024-08-01T15:44:25.322+08:00  INFO 23356 --- [proj-demo] [main] o.s.b.a.e.web.EndpointLinksResolver      : Exposing 1 endpoint beneath base path '/actuator'
2024-08-01T15:44:25.377+08:00  INFO 23356 --- [proj-demo] [main] o.s.b.w.embedded.tomcat.TomcatWebServer  : Tomcat started on port 8080 (http) with context path '/'
2024-08-01T15:44:25.386+08:00  INFO 23356 --- [proj-demo] [main] c.bronya.projdemo.ProjDemoApplication    : Started ProjDemoApplication in 2.425 seconds (process running for 2.845)
2024-08-01T15:44:25.992+08:00  INFO 23356 --- [proj-demo] [RMI TCP Connection(3)-192.168.220.1] o.a.c.c.C.[Tomcat].[localhost].[/]       : Initializing Spring DispatcherServlet 'dispatcherServlet'
2024-08-01T15:44:25.993+08:00  INFO 23356 --- [proj-demo] [RMI TCP Connection(3)-192.168.220.1] o.s.web.servlet.DispatcherServlet        : Initializing Servlet 'dispatcherServlet'
2024-08-01T15:44:25.994+08:00  INFO 23356 --- [proj-demo] [RMI TCP Connection(3)-192.168.220.1] o.s.web.servlet.DispatcherServlet        : Completed initialization in 1 ms
2024-08-01T15:44:25.994+08:00  INFO 23356 --- [proj-demo] [RMI TCP Connection(2)-192.168.220.1] com.zaxxer.hikari.HikariDataSource       : HikariPool-1 - Starting...
2024-08-01T15:44:26.258+08:00  INFO 23356 --- [proj-demo] [RMI TCP Connection(2)-192.168.220.1] com.zaxxer.hikari.pool.HikariPool        : HikariPool-1 - Added connection com.mysql.cj.jdbc.ConnectionImpl@467513ea
2024-08-01T15:44:26.262+08:00  INFO 23356 --- [proj-demo] [RMI TCP Connection(2)-192.168.220.1] com.zaxxer.hikari.HikariDataSource       : HikariPool-1 - Start completed.
2024-08-01T15:44:37.421+08:00  WARN 23356 --- [proj-demo] [http-nio-8080-exec-1] c.b.projdemo.controller.UserController   : token: eyJraWQiOiJicm9ueWEiLCJhbGciOiJIUzI1NiJ9.eyJpZCI6MTUsInVzZXJuYW1lIjoicm9vdCIsImV4cCI6MTcyMjUwMTg3N30.sonKG8CE_jevGY-aMjGxQDC6Xhyw3woQ1HCLUIA663w
2024-08-01T15:45:02.871+08:00  INFO 23356 --- [proj-demo] [http-nio-8080-exec-2] c.b.p.interceptor.TokenInterceptor       : interceptor => uri: /user/updateAvatar
2024-08-01T15:45:02.871+08:00  INFO 23356 --- [proj-demo] [http-nio-8080-exec-2] c.b.p.interceptor.TokenInterceptor       : interceptor => token: eyJraWQiOiJicm9ueWEiLCJhbGciOiJIUzI1NiJ9.eyJpZCI6MTUsInVzZXJuYW1lIjoicm9vdCIsImV4cCI6MTcyMjUwMTg3N30.sonKG8CE_jevGY-aMjGxQDC6Xhyw3woQ1HCLUIA663w
2024-08-01T15:45:02.920+08:00  INFO 23356 --- [proj-demo] [http-nio-8080-exec-2] c.b.p.interceptor.TokenInterceptor       : interceptor => id: 15
2024-08-01T15:45:02.920+08:00  INFO 23356 --- [proj-demo] [http-nio-8080-exec-2] c.b.p.interceptor.TokenInterceptor       : interceptor => username: root
2024-08-01T15:45:02.920+08:00  INFO 23356 --- [proj-demo] [http-nio-8080-exec-2] c.b.p.interceptor.TokenInterceptor       : interceptor => exp: 1722501877
2024-08-01T15:45:03.331+08:00 ERROR 23356 --- [proj-demo] [http-nio-8080-exec-2] c.b.projdemo.exception.ErrorHandler      : 
### Error updating database.  Cause: com.mysql.cj.jdbc.exceptions.MysqlDataTruncation: Data truncation: Data too long for column 'avatar' at row 1
### The error may exist in com/bronya/projdemo/mapper/UserMapper.java (best guess)
### The error may involve com.bronya.projdemo.mapper.UserMapper.updateAvatar-Inline
### The error occurred while setting parameters
### SQL: update user set avatar = ?, update_time = now() where id = ?
### Cause: com.mysql.cj.jdbc.exceptions.MysqlDataTruncation: Data truncation: Data too long for column 'avatar' at row 1
; Data truncation: Data too long for column 'avatar' at row 1
2024-08-01T15:46:58.757+08:00  INFO 23356 --- [proj-demo] [http-nio-8080-exec-10] c.b.p.interceptor.TokenInterceptor       : interceptor => uri: /user/updateAvatar
2024-08-01T15:46:58.757+08:00  INFO 23356 --- [proj-demo] [http-nio-8080-exec-10] c.b.p.interceptor.TokenInterceptor       : interceptor => token: eyJraWQiOiJicm9ueWEiLCJhbGciOiJIUzI1NiJ9.eyJpZCI6MTUsInVzZXJuYW1lIjoicm9vdCIsImV4cCI6MTcyMjUwMTg3N30.sonKG8CE_jevGY-aMjGxQDC6Xhyw3woQ1HCLUIA663w
2024-08-01T15:46:58.760+08:00  INFO 23356 --- [proj-demo] [http-nio-8080-exec-10] c.b.p.interceptor.TokenInterceptor       : interceptor => id: 15
2024-08-01T15:46:58.760+08:00  INFO 23356 --- [proj-demo] [http-nio-8080-exec-10] c.b.p.interceptor.TokenInterceptor       : interceptor => username: root
2024-08-01T15:46:58.760+08:00  INFO 23356 --- [proj-demo] [http-nio-8080-exec-10] c.b.p.interceptor.TokenInterceptor       : interceptor => exp: 1722501877
2024-08-01T15:49:36.983+08:00  INFO 23356 --- [proj-demo] [http-nio-8080-exec-6] c.b.p.interceptor.TokenInterceptor       : interceptor => uri: /user/updateAvatar
2024-08-01T15:49:36.984+08:00  INFO 23356 --- [proj-demo] [http-nio-8080-exec-6] c.b.p.interceptor.TokenInterceptor       : interceptor => token: eyJraWQiOiJicm9ueWEiLCJhbGciOiJIUzI1NiJ9.eyJpZCI6MTUsInVzZXJuYW1lIjoicm9vdCIsImV4cCI6MTcyMjUwMTg3N30.sonKG8CE_jevGY-aMjGxQDC6Xhyw3woQ1HCLUIA663w
2024-08-01T15:49:36.984+08:00  INFO 23356 --- [proj-demo] [http-nio-8080-exec-6] c.b.p.interceptor.TokenInterceptor       : interceptor => id: 15
2024-08-01T15:49:36.984+08:00  INFO 23356 --- [proj-demo] [http-nio-8080-exec-6] c.b.p.interceptor.TokenInterceptor       : interceptor => username: root
2024-08-01T15:49:36.984+08:00  INFO 23356 --- [proj-demo] [http-nio-8080-exec-6] c.b.p.interceptor.TokenInterceptor       : interceptor => exp: 1722501877
2024-08-01T15:49:41.122+08:00  INFO 23356 --- [proj-demo] [SpringApplicationShutdownHook] com.zaxxer.hikari.HikariDataSource       : HikariPool-1 - Shutdown initiated...
2024-08-01T15:49:41.132+08:00  INFO 23356 --- [proj-demo] [SpringApplicationShutdownHook] com.zaxxer.hikari.HikariDataSource       : HikariPool-1 - Shutdown completed.
2024-08-01T15:49:46.048+08:00  INFO 24228 --- [proj-demo] [main] c.bronya.projdemo.ProjDemoApplication    : Starting ProjDemoApplication using Java 21.0.3 with PID 24228 (C:\Users\admin\workspace\backend\proj-demo\target\classes started by admin in C:\Users\admin\workspace\backend\proj-demo)
2024-08-01T15:49:46.050+08:00  INFO 24228 --- [proj-demo] [main] c.bronya.projdemo.ProjDemoApplication    : No active profile set, falling back to 1 default profile: "default"
2024-08-01T15:49:47.395+08:00  INFO 24228 --- [proj-demo] [main] o.s.b.w.embedded.tomcat.TomcatWebServer  : Tomcat initialized with port 8080 (http)
2024-08-01T15:49:47.404+08:00  INFO 24228 --- [proj-demo] [main] o.apache.catalina.core.StandardService   : Starting service [Tomcat]
2024-08-01T15:49:47.405+08:00  INFO 24228 --- [proj-demo] [main] o.apache.catalina.core.StandardEngine    : Starting Servlet engine: [Apache Tomcat/10.1.26]
2024-08-01T15:49:47.452+08:00  INFO 24228 --- [proj-demo] [main] o.a.c.c.C.[Tomcat].[localhost].[/]       : Initializing Spring embedded WebApplicationContext
2024-08-01T15:49:47.452+08:00  INFO 24228 --- [proj-demo] [main] w.s.c.ServletWebServerApplicationContext : Root WebApplicationContext: initialization completed in 1371 ms
2024-08-01T15:49:48.317+08:00  INFO 24228 --- [proj-demo] [main] o.s.b.a.e.web.EndpointLinksResolver      : Exposing 1 endpoint beneath base path '/actuator'
2024-08-01T15:49:48.377+08:00  INFO 24228 --- [proj-demo] [main] o.s.b.w.embedded.tomcat.TomcatWebServer  : Tomcat started on port 8080 (http) with context path '/'
2024-08-01T15:49:48.386+08:00  INFO 24228 --- [proj-demo] [main] c.bronya.projdemo.ProjDemoApplication    : Started ProjDemoApplication in 2.638 seconds (process running for 3.034)
2024-08-01T15:49:48.608+08:00  INFO 24228 --- [proj-demo] [RMI TCP Connection(1)-192.168.220.1] o.a.c.c.C.[Tomcat].[localhost].[/]       : Initializing Spring DispatcherServlet 'dispatcherServlet'
2024-08-01T15:49:48.608+08:00  INFO 24228 --- [proj-demo] [RMI TCP Connection(1)-192.168.220.1] o.s.web.servlet.DispatcherServlet        : Initializing Servlet 'dispatcherServlet'
2024-08-01T15:49:48.610+08:00  INFO 24228 --- [proj-demo] [RMI TCP Connection(1)-192.168.220.1] o.s.web.servlet.DispatcherServlet        : Completed initialization in 2 ms
2024-08-01T15:49:48.610+08:00  INFO 24228 --- [proj-demo] [RMI TCP Connection(2)-192.168.220.1] com.zaxxer.hikari.HikariDataSource       : HikariPool-1 - Starting...
2024-08-01T15:49:48.859+08:00  INFO 24228 --- [proj-demo] [RMI TCP Connection(2)-192.168.220.1] com.zaxxer.hikari.pool.HikariPool        : HikariPool-1 - Added connection com.mysql.cj.jdbc.ConnectionImpl@6de08b12
2024-08-01T15:49:48.867+08:00  INFO 24228 --- [proj-demo] [RMI TCP Connection(2)-192.168.220.1] com.zaxxer.hikari.HikariDataSource       : HikariPool-1 - Start completed.
2024-08-01T15:49:53.205+08:00  INFO 24228 --- [proj-demo] [http-nio-8080-exec-1] c.b.p.interceptor.TokenInterceptor       : interceptor => uri: /user/updateAvatar
2024-08-01T15:49:53.205+08:00  INFO 24228 --- [proj-demo] [http-nio-8080-exec-1] c.b.p.interceptor.TokenInterceptor       : interceptor => token: eyJraWQiOiJicm9ueWEiLCJhbGciOiJIUzI1NiJ9.eyJpZCI6MTUsInVzZXJuYW1lIjoicm9vdCIsImV4cCI6MTcyMjUwMTg3N30.sonKG8CE_jevGY-aMjGxQDC6Xhyw3woQ1HCLUIA663w
2024-08-01T15:49:53.260+08:00  INFO 24228 --- [proj-demo] [http-nio-8080-exec-1] c.b.p.interceptor.TokenInterceptor       : error message: JWT signature does not match locally computed signature. JWT validity cannot be asserted and should not be trusted.
2024-08-01T15:49:59.580+08:00  WARN 24228 --- [proj-demo] [http-nio-8080-exec-2] c.b.projdemo.controller.UserController   : token: eyJraWQiOiJicm9ueWEiLCJhbGciOiJIUzI1NiJ9.eyJpZCI6MTUsInVzZXJuYW1lIjoicm9vdCIsImV4cCI6MTcyMjUwMjE5OX0.JxKX9bxbmtpeDJeAZe1YbJVueZdNVotfduMf4ON_Ykg
2024-08-01T15:50:18.540+08:00  INFO 24228 --- [proj-demo] [http-nio-8080-exec-4] c.b.p.interceptor.TokenInterceptor       : interceptor => uri: /user/updateAvatar
2024-08-01T15:50:18.540+08:00  INFO 24228 --- [proj-demo] [http-nio-8080-exec-4] c.b.p.interceptor.TokenInterceptor       : interceptor => token: eyJraWQiOiJicm9ueWEiLCJhbGciOiJIUzI1NiJ9.eyJpZCI6MTUsInVzZXJuYW1lIjoicm9vdCIsImV4cCI6MTcyMjUwMjE5OX0.JxKX9bxbmtpeDJeAZe1YbJVueZdNVotfduMf4ON_Ykg
2024-08-01T15:50:18.550+08:00  INFO 24228 --- [proj-demo] [http-nio-8080-exec-4] c.b.p.interceptor.TokenInterceptor       : interceptor => id: 15
2024-08-01T15:50:18.550+08:00  INFO 24228 --- [proj-demo] [http-nio-8080-exec-4] c.b.p.interceptor.TokenInterceptor       : interceptor => username: root
2024-08-01T15:50:18.550+08:00  INFO 24228 --- [proj-demo] [http-nio-8080-exec-4] c.b.p.interceptor.TokenInterceptor       : interceptor => exp: 1722502199
2024-08-01T15:50:18.592+08:00 ERROR 24228 --- [proj-demo] [http-nio-8080-exec-4] c.b.projdemo.exception.ErrorHandler      : 400 BAD_REQUEST "Validation failure"
2024-08-01T15:50:43.919+08:00  INFO 24228 --- [proj-demo] [http-nio-8080-exec-3] c.b.p.interceptor.TokenInterceptor       : interceptor => uri: /user/updateAvatar
2024-08-01T15:50:43.919+08:00  INFO 24228 --- [proj-demo] [http-nio-8080-exec-3] c.b.p.interceptor.TokenInterceptor       : interceptor => token: eyJraWQiOiJicm9ueWEiLCJhbGciOiJIUzI1NiJ9.eyJpZCI6MTUsInVzZXJuYW1lIjoicm9vdCIsImV4cCI6MTcyMjUwMjE5OX0.JxKX9bxbmtpeDJeAZe1YbJVueZdNVotfduMf4ON_Ykg
2024-08-01T15:50:43.920+08:00  INFO 24228 --- [proj-demo] [http-nio-8080-exec-3] c.b.p.interceptor.TokenInterceptor       : interceptor => id: 15
2024-08-01T15:50:43.920+08:00  INFO 24228 --- [proj-demo] [http-nio-8080-exec-3] c.b.p.interceptor.TokenInterceptor       : interceptor => username: root
2024-08-01T15:50:43.920+08:00  INFO 24228 --- [proj-demo] [http-nio-8080-exec-3] c.b.p.interceptor.TokenInterceptor       : interceptor => exp: 1722502199
2024-08-01T15:54:22.967+08:00  INFO 24228 --- [proj-demo] [SpringApplicationShutdownHook] com.zaxxer.hikari.HikariDataSource       : HikariPool-1 - Shutdown initiated...
2024-08-01T15:54:22.983+08:00  INFO 24228 --- [proj-demo] [SpringApplicationShutdownHook] com.zaxxer.hikari.HikariDataSource       : HikariPool-1 - Shutdown completed.
2024-08-01T16:46:17.465+08:00  INFO 3664 --- [proj-demo] [main] c.bronya.projdemo.ProjDemoApplication    : Starting ProjDemoApplication using Java 21.0.3 with PID 3664 (C:\Users\admin\workspace\backend\proj-demo\target\classes started by admin in C:\Users\admin\workspace\backend\proj-demo)
2024-08-01T16:46:17.467+08:00  INFO 3664 --- [proj-demo] [main] c.bronya.projdemo.ProjDemoApplication    : No active profile set, falling back to 1 default profile: "default"
2024-08-01T16:46:18.811+08:00  INFO 3664 --- [proj-demo] [main] o.s.b.w.embedded.tomcat.TomcatWebServer  : Tomcat initialized with port 8080 (http)
2024-08-01T16:46:18.821+08:00  INFO 3664 --- [proj-demo] [main] o.apache.catalina.core.StandardService   : Starting service [Tomcat]
2024-08-01T16:46:18.822+08:00  INFO 3664 --- [proj-demo] [main] o.apache.catalina.core.StandardEngine    : Starting Servlet engine: [Apache Tomcat/10.1.26]
2024-08-01T16:46:18.862+08:00  INFO 3664 --- [proj-demo] [main] o.a.c.c.C.[Tomcat].[localhost].[/]       : Initializing Spring embedded WebApplicationContext
2024-08-01T16:46:18.862+08:00  INFO 3664 --- [proj-demo] [main] w.s.c.ServletWebServerApplicationContext : Root WebApplicationContext: initialization completed in 1363 ms
2024-08-01T16:46:19.859+08:00  INFO 3664 --- [proj-demo] [main] o.s.b.a.e.web.EndpointLinksResolver      : Exposing 1 endpoint beneath base path '/actuator'
2024-08-01T16:46:19.919+08:00  INFO 3664 --- [proj-demo] [main] o.s.b.w.embedded.tomcat.TomcatWebServer  : Tomcat started on port 8080 (http) with context path '/'
2024-08-01T16:46:19.930+08:00  INFO 3664 --- [proj-demo] [main] c.bronya.projdemo.ProjDemoApplication    : Started ProjDemoApplication in 2.78 seconds (process running for 3.196)
2024-08-01T16:46:20.427+08:00  INFO 3664 --- [proj-demo] [RMI TCP Connection(3)-192.168.220.1] o.a.c.c.C.[Tomcat].[localhost].[/]       : Initializing Spring DispatcherServlet 'dispatcherServlet'
2024-08-01T16:46:20.428+08:00  INFO 3664 --- [proj-demo] [RMI TCP Connection(3)-192.168.220.1] o.s.web.servlet.DispatcherServlet        : Initializing Servlet 'dispatcherServlet'
2024-08-01T16:46:20.429+08:00  INFO 3664 --- [proj-demo] [RMI TCP Connection(3)-192.168.220.1] o.s.web.servlet.DispatcherServlet        : Completed initialization in 1 ms
2024-08-01T16:46:20.429+08:00  INFO 3664 --- [proj-demo] [RMI TCP Connection(2)-192.168.220.1] com.zaxxer.hikari.HikariDataSource       : HikariPool-1 - Starting...
2024-08-01T16:46:20.676+08:00  INFO 3664 --- [proj-demo] [RMI TCP Connection(2)-192.168.220.1] com.zaxxer.hikari.pool.HikariPool        : HikariPool-1 - Added connection com.mysql.cj.jdbc.ConnectionImpl@11de2c64
2024-08-01T16:46:20.684+08:00  INFO 3664 --- [proj-demo] [RMI TCP Connection(2)-192.168.220.1] com.zaxxer.hikari.HikariDataSource       : HikariPool-1 - Start completed.
2024-08-01T16:46:29.812+08:00  WARN 3664 --- [proj-demo] [http-nio-8080-exec-1] c.b.projdemo.controller.UserController   : token: eyJraWQiOiJicm9ueWEiLCJhbGciOiJIUzI1NiJ9.eyJpZCI6MTUsInVzZXJuYW1lIjoicm9vdCIsImV4cCI6MTcyMjUwNTU4OX0.hGydoLkC_bQ6PPnMjEZdUmIgy73Cq-E290d11uvDDJc
2024-08-01T16:46:50.600+08:00  INFO 3664 --- [proj-demo] [http-nio-8080-exec-7] c.b.p.interceptor.TokenInterceptor       : interceptor => uri: /user/update
2024-08-01T16:46:50.600+08:00  INFO 3664 --- [proj-demo] [http-nio-8080-exec-7] c.b.p.interceptor.TokenInterceptor       : interceptor => token: eyJraWQiOiJicm9ueWEiLCJhbGciOiJIUzI1NiJ9.eyJpZCI6MTUsInVzZXJuYW1lIjoicm9vdCIsImV4cCI6MTcyMjQ5ODQyNX0.2Y8xI2ASDywbtJPgt1aDrczVFfohR7QxFjzsCD9nS1c
2024-08-01T16:46:50.625+08:00  INFO 3664 --- [proj-demo] [http-nio-8080-exec-7] c.b.p.interceptor.TokenInterceptor       : error message: JWT signature does not match locally computed signature. JWT validity cannot be asserted and should not be trusted.
2024-08-01T16:46:59.774+08:00  INFO 3664 --- [proj-demo] [http-nio-8080-exec-4] c.b.p.interceptor.TokenInterceptor       : interceptor => uri: /user/update
2024-08-01T16:46:59.774+08:00  INFO 3664 --- [proj-demo] [http-nio-8080-exec-4] c.b.p.interceptor.TokenInterceptor       : interceptor => token: eyJraWQiOiJicm9ueWEiLCJhbGciOiJIUzI1NiJ9.eyJpZCI6MTUsInVzZXJuYW1lIjoicm9vdCIsImV4cCI6MTcyMjUwNTU4OX0.hGydoLkC_bQ6PPnMjEZdUmIgy73Cq-E290d11uvDDJc
2024-08-01T16:46:59.780+08:00  INFO 3664 --- [proj-demo] [http-nio-8080-exec-4] c.b.p.interceptor.TokenInterceptor       : interceptor => id: 15
2024-08-01T16:46:59.781+08:00  INFO 3664 --- [proj-demo] [http-nio-8080-exec-4] c.b.p.interceptor.TokenInterceptor       : interceptor => username: root
2024-08-01T16:46:59.781+08:00  INFO 3664 --- [proj-demo] [http-nio-8080-exec-4] c.b.p.interceptor.TokenInterceptor       : interceptor => exp: 1722505589
2024-08-01T16:47:26.281+08:00  INFO 3664 --- [proj-demo] [http-nio-8080-exec-2] c.b.p.interceptor.TokenInterceptor       : interceptor => uri: /user/userinfo
2024-08-01T16:47:26.281+08:00  INFO 3664 --- [proj-demo] [http-nio-8080-exec-2] c.b.p.interceptor.TokenInterceptor       : interceptor => token: eyJraWQiOiJicm9ueWEiLCJhbGciOiJIUzI1NiJ9.eyJpZCI6MTUsInVzZXJuYW1lIjoicm9vdCIsImV4cCI6MTcyMjQ5ODQyNX0.2Y8xI2ASDywbtJPgt1aDrczVFfohR7QxFjzsCD9nS1c
2024-08-01T16:47:26.282+08:00  INFO 3664 --- [proj-demo] [http-nio-8080-exec-2] c.b.p.interceptor.TokenInterceptor       : error message: JWT signature does not match locally computed signature. JWT validity cannot be asserted and should not be trusted.
2024-08-01T16:47:34.472+08:00  INFO 3664 --- [proj-demo] [http-nio-8080-exec-5] c.b.p.interceptor.TokenInterceptor       : interceptor => uri: /user/userinfo
2024-08-01T16:47:34.473+08:00  INFO 3664 --- [proj-demo] [http-nio-8080-exec-5] c.b.p.interceptor.TokenInterceptor       : interceptor => token: eyJraWQiOiJicm9ueWEiLCJhbGciOiJIUzI1NiJ9.eyJpZCI6MTUsInVzZXJuYW1lIjoicm9vdCIsImV4cCI6MTcyMjUwNTU4OX0.hGydoLkC_bQ6PPnMjEZdUmIgy73Cq-E290d11uvDDJc
2024-08-01T16:47:34.474+08:00  INFO 3664 --- [proj-demo] [http-nio-8080-exec-5] c.b.p.interceptor.TokenInterceptor       : interceptor => id: 15
2024-08-01T16:47:34.474+08:00  INFO 3664 --- [proj-demo] [http-nio-8080-exec-5] c.b.p.interceptor.TokenInterceptor       : interceptor => username: root
2024-08-01T16:47:34.474+08:00  INFO 3664 --- [proj-demo] [http-nio-8080-exec-5] c.b.p.interceptor.TokenInterceptor       : interceptor => exp: 1722505589
2024-08-01T16:47:34.477+08:00  INFO 3664 --- [proj-demo] [http-nio-8080-exec-5] c.b.projdemo.controller.UserController   : JWT => username: root
2024-08-01T16:47:34.478+08:00  INFO 3664 --- [proj-demo] [http-nio-8080-exec-5] c.b.projdemo.controller.UserController   : ThreadLocal => username: root
2024-08-01T16:47:42.323+08:00  INFO 3664 --- [proj-demo] [SpringApplicationShutdownHook] com.zaxxer.hikari.HikariDataSource       : HikariPool-1 - Shutdown initiated...
2024-08-01T16:47:42.336+08:00  INFO 3664 --- [proj-demo] [SpringApplicationShutdownHook] com.zaxxer.hikari.HikariDataSource       : HikariPool-1 - Shutdown completed.
2024-08-01T16:55:13.477+08:00  INFO 10472 --- [proj-demo] [main] c.bronya.projdemo.ProjDemoApplication    : Starting ProjDemoApplication using Java 21.0.3 with PID 10472 (C:\Users\admin\workspace\backend\proj-demo\target\classes started by admin in C:\Users\admin\workspace\backend\proj-demo)
2024-08-01T16:55:13.479+08:00  INFO 10472 --- [proj-demo] [main] c.bronya.projdemo.ProjDemoApplication    : No active profile set, falling back to 1 default profile: "default"
2024-08-01T16:55:14.700+08:00  INFO 10472 --- [proj-demo] [main] o.s.b.w.embedded.tomcat.TomcatWebServer  : Tomcat initialized with port 8080 (http)
2024-08-01T16:55:14.710+08:00  INFO 10472 --- [proj-demo] [main] o.apache.catalina.core.StandardService   : Starting service [Tomcat]
2024-08-01T16:55:14.710+08:00  INFO 10472 --- [proj-demo] [main] o.apache.catalina.core.StandardEngine    : Starting Servlet engine: [Apache Tomcat/10.1.26]
2024-08-01T16:55:14.750+08:00  INFO 10472 --- [proj-demo] [main] o.a.c.c.C.[Tomcat].[localhost].[/]       : Initializing Spring embedded WebApplicationContext
2024-08-01T16:55:14.750+08:00  INFO 10472 --- [proj-demo] [main] w.s.c.ServletWebServerApplicationContext : Root WebApplicationContext: initialization completed in 1239 ms
2024-08-01T16:55:15.648+08:00  INFO 10472 --- [proj-demo] [main] o.s.b.a.e.web.EndpointLinksResolver      : Exposing 1 endpoint beneath base path '/actuator'
2024-08-01T16:55:15.726+08:00  INFO 10472 --- [proj-demo] [main] o.s.b.w.embedded.tomcat.TomcatWebServer  : Tomcat started on port 8080 (http) with context path '/'
2024-08-01T16:55:15.736+08:00  INFO 10472 --- [proj-demo] [main] c.bronya.projdemo.ProjDemoApplication    : Started ProjDemoApplication in 2.569 seconds (process running for 2.974)
2024-08-01T16:55:15.992+08:00  INFO 10472 --- [proj-demo] [RMI TCP Connection(2)-192.168.220.1] o.a.c.c.C.[Tomcat].[localhost].[/]       : Initializing Spring DispatcherServlet 'dispatcherServlet'
2024-08-01T16:55:15.992+08:00  INFO 10472 --- [proj-demo] [RMI TCP Connection(2)-192.168.220.1] o.s.web.servlet.DispatcherServlet        : Initializing Servlet 'dispatcherServlet'
2024-08-01T16:55:15.994+08:00  INFO 10472 --- [proj-demo] [RMI TCP Connection(2)-192.168.220.1] o.s.web.servlet.DispatcherServlet        : Completed initialization in 0 ms
2024-08-01T16:55:15.994+08:00  INFO 10472 --- [proj-demo] [RMI TCP Connection(1)-192.168.220.1] com.zaxxer.hikari.HikariDataSource       : HikariPool-1 - Starting...
2024-08-01T16:55:16.258+08:00  INFO 10472 --- [proj-demo] [RMI TCP Connection(1)-192.168.220.1] com.zaxxer.hikari.pool.HikariPool        : HikariPool-1 - Added connection com.mysql.cj.jdbc.ConnectionImpl@7f82991e
2024-08-01T16:55:16.260+08:00  INFO 10472 --- [proj-demo] [RMI TCP Connection(1)-192.168.220.1] com.zaxxer.hikari.HikariDataSource       : HikariPool-1 - Start completed.
2024-08-01T16:55:20.867+08:00  WARN 10472 --- [proj-demo] [http-nio-8080-exec-1] c.b.projdemo.controller.UserController   : token: eyJraWQiOiJicm9ueWEiLCJhbGciOiJIUzI1NiJ9.eyJpZCI6MTUsInVzZXJuYW1lIjoicm9vdCIsImV4cCI6MTcyMjUwNjEyMH0.x-Zbjv2faXv7fgGvzel6gCJW-LE-Aq4nTPYmkygBGsY
2024-08-01T16:55:34.196+08:00  INFO 10472 --- [proj-demo] [http-nio-8080-exec-3] c.b.p.interceptor.TokenInterceptor       : interceptor => uri: /user/updatePwd
2024-08-01T16:55:34.197+08:00  INFO 10472 --- [proj-demo] [http-nio-8080-exec-3] c.b.p.interceptor.TokenInterceptor       : interceptor => token: eyJraWQiOiJicm9ueWEiLCJhbGciOiJIUzI1NiJ9.eyJpZCI6MTUsInVzZXJuYW1lIjoicm9vdCIsImV4cCI6MTcyMjUwNjEyMH0.x-Zbjv2faXv7fgGvzel6gCJW-LE-Aq4nTPYmkygBGsY
2024-08-01T16:55:34.219+08:00  INFO 10472 --- [proj-demo] [http-nio-8080-exec-3] c.b.p.interceptor.TokenInterceptor       : interceptor => id: 15
2024-08-01T16:55:34.220+08:00  INFO 10472 --- [proj-demo] [http-nio-8080-exec-3] c.b.p.interceptor.TokenInterceptor       : interceptor => username: root
2024-08-01T16:55:34.220+08:00  INFO 10472 --- [proj-demo] [http-nio-8080-exec-3] c.b.p.interceptor.TokenInterceptor       : interceptor => exp: 1722506120
2024-08-01T16:56:00.007+08:00  INFO 10472 --- [proj-demo] [http-nio-8080-exec-2] c.b.p.interceptor.TokenInterceptor       : interceptor => uri: /user/updatePwd
2024-08-01T16:56:00.008+08:00  INFO 10472 --- [proj-demo] [http-nio-8080-exec-2] c.b.p.interceptor.TokenInterceptor       : interceptor => token: eyJraWQiOiJicm9ueWEiLCJhbGciOiJIUzI1NiJ9.eyJpZCI6MTUsInVzZXJuYW1lIjoicm9vdCIsImV4cCI6MTcyMjUwNjEyMH0.x-Zbjv2faXv7fgGvzel6gCJW-LE-Aq4nTPYmkygBGsY
2024-08-01T16:56:00.009+08:00  INFO 10472 --- [proj-demo] [http-nio-8080-exec-2] c.b.p.interceptor.TokenInterceptor       : interceptor => id: 15
2024-08-01T16:56:00.009+08:00  INFO 10472 --- [proj-demo] [http-nio-8080-exec-2] c.b.p.interceptor.TokenInterceptor       : interceptor => username: root
2024-08-01T16:56:00.009+08:00  INFO 10472 --- [proj-demo] [http-nio-8080-exec-2] c.b.p.interceptor.TokenInterceptor       : interceptor => exp: 1722506120
2024-08-01T16:58:18.887+08:00  INFO 10472 --- [proj-demo] [SpringApplicationShutdownHook] com.zaxxer.hikari.HikariDataSource       : HikariPool-1 - Shutdown initiated...
2024-08-01T16:58:18.896+08:00  INFO 10472 --- [proj-demo] [SpringApplicationShutdownHook] com.zaxxer.hikari.HikariDataSource       : HikariPool-1 - Shutdown completed.
2024-08-01T16:58:21.849+08:00  INFO 19520 --- [proj-demo] [main] c.bronya.projdemo.ProjDemoApplication    : Starting ProjDemoApplication using Java 21.0.3 with PID 19520 (C:\Users\admin\workspace\backend\proj-demo\target\classes started by admin in C:\Users\admin\workspace\backend\proj-demo)
2024-08-01T16:58:21.850+08:00  INFO 19520 --- [proj-demo] [main] c.bronya.projdemo.ProjDemoApplication    : No active profile set, falling back to 1 default profile: "default"
2024-08-01T16:58:23.007+08:00  INFO 19520 --- [proj-demo] [main] o.s.b.w.embedded.tomcat.TomcatWebServer  : Tomcat initialized with port 8080 (http)
2024-08-01T16:58:23.018+08:00  INFO 19520 --- [proj-demo] [main] o.apache.catalina.core.StandardService   : Starting service [Tomcat]
2024-08-01T16:58:23.018+08:00  INFO 19520 --- [proj-demo] [main] o.apache.catalina.core.StandardEngine    : Starting Servlet engine: [Apache Tomcat/10.1.26]
2024-08-01T16:58:23.060+08:00  INFO 19520 --- [proj-demo] [main] o.a.c.c.C.[Tomcat].[localhost].[/]       : Initializing Spring embedded WebApplicationContext
2024-08-01T16:58:23.060+08:00  INFO 19520 --- [proj-demo] [main] w.s.c.ServletWebServerApplicationContext : Root WebApplicationContext: initialization completed in 1178 ms
2024-08-01T16:58:24.047+08:00  INFO 19520 --- [proj-demo] [main] o.s.b.a.e.web.EndpointLinksResolver      : Exposing 1 endpoint beneath base path '/actuator'
2024-08-01T16:58:24.111+08:00  INFO 19520 --- [proj-demo] [main] o.s.b.w.embedded.tomcat.TomcatWebServer  : Tomcat started on port 8080 (http) with context path '/'
2024-08-01T16:58:24.123+08:00  INFO 19520 --- [proj-demo] [main] c.bronya.projdemo.ProjDemoApplication    : Started ProjDemoApplication in 2.588 seconds (process running for 2.991)
2024-08-01T16:58:24.371+08:00  INFO 19520 --- [proj-demo] [RMI TCP Connection(2)-192.168.220.1] o.a.c.c.C.[Tomcat].[localhost].[/]       : Initializing Spring DispatcherServlet 'dispatcherServlet'
2024-08-01T16:58:24.371+08:00  INFO 19520 --- [proj-demo] [RMI TCP Connection(2)-192.168.220.1] o.s.web.servlet.DispatcherServlet        : Initializing Servlet 'dispatcherServlet'
2024-08-01T16:58:24.372+08:00  INFO 19520 --- [proj-demo] [RMI TCP Connection(2)-192.168.220.1] o.s.web.servlet.DispatcherServlet        : Completed initialization in 1 ms
2024-08-01T16:58:24.372+08:00  INFO 19520 --- [proj-demo] [RMI TCP Connection(1)-192.168.220.1] com.zaxxer.hikari.HikariDataSource       : HikariPool-1 - Starting...
2024-08-01T16:58:24.636+08:00  INFO 19520 --- [proj-demo] [RMI TCP Connection(1)-192.168.220.1] com.zaxxer.hikari.pool.HikariPool        : HikariPool-1 - Added connection com.mysql.cj.jdbc.ConnectionImpl@6418dbfb
2024-08-01T16:58:24.639+08:00  INFO 19520 --- [proj-demo] [RMI TCP Connection(1)-192.168.220.1] com.zaxxer.hikari.HikariDataSource       : HikariPool-1 - Start completed.
2024-08-01T16:59:55.457+08:00 ERROR 19520 --- [proj-demo] [http-nio-8080-exec-1] c.b.projdemo.exception.ErrorHandler      : 400 BAD_REQUEST "Validation failure"
2024-08-01T17:00:03.957+08:00 ERROR 19520 --- [proj-demo] [http-nio-8080-exec-2] c.b.projdemo.exception.ErrorHandler      : 400 BAD_REQUEST "Validation failure"
2024-08-01T17:00:29.893+08:00  WARN 19520 --- [proj-demo] [http-nio-8080-exec-4] c.b.projdemo.controller.UserController   : token: eyJraWQiOiJicm9ueWEiLCJhbGciOiJIUzI1NiJ9.eyJpZCI6MSwidXNlcm5hbWUiOiJyb290IiwiZXhwIjoxNzIyNTA2NDI5fQ.MRJNKLbdz5YxjF8MYuy03K__hZrUABeh6QZjfgzbEkI
2024-08-01T17:01:05.307+08:00  INFO 19520 --- [proj-demo] [http-nio-8080-exec-6] c.b.p.interceptor.TokenInterceptor       : interceptor => uri: /user/update
2024-08-01T17:01:05.307+08:00  INFO 19520 --- [proj-demo] [http-nio-8080-exec-6] c.b.p.interceptor.TokenInterceptor       : interceptor => token: eyJraWQiOiJicm9ueWEiLCJhbGciOiJIUzI1NiJ9.eyJpZCI6MSwidXNlcm5hbWUiOiJyb290IiwiZXhwIjoxNzIyNTA2NDI5fQ.MRJNKLbdz5YxjF8MYuy03K__hZrUABeh6QZjfgzbEkI
2024-08-01T17:01:05.351+08:00  INFO 19520 --- [proj-demo] [http-nio-8080-exec-6] c.b.p.interceptor.TokenInterceptor       : interceptor => id: 1
2024-08-01T17:01:05.351+08:00  INFO 19520 --- [proj-demo] [http-nio-8080-exec-6] c.b.p.interceptor.TokenInterceptor       : interceptor => username: root
2024-08-01T17:01:05.352+08:00  INFO 19520 --- [proj-demo] [http-nio-8080-exec-6] c.b.p.interceptor.TokenInterceptor       : interceptor => exp: 1722506429
2024-08-01T17:01:05.414+08:00 ERROR 19520 --- [proj-demo] [http-nio-8080-exec-6] c.b.projdemo.exception.ErrorHandler      : Validation failed for argument [0] in public com.bronya.projdemo.pojo.Result<java.lang.String> com.bronya.projdemo.controller.UserController.update(com.bronya.projdemo.pojo.User): [Field error in object 'user' on field 'email': rejected value [rootATgmail.com]; codes [Email.user.email,Email.email,Email.java.lang.String,Email]; arguments [org.springframework.context.support.DefaultMessageSourceResolvable: codes [user.email,email]; arguments []; default message [email],[Ljakarta.validation.constraints.Pattern$Flag;@1fbc19d,.*]; default message [不是一个合法的电子邮件地址]] 
2024-08-01T17:01:21.684+08:00  INFO 19520 --- [proj-demo] [http-nio-8080-exec-5] c.b.p.interceptor.TokenInterceptor       : interceptor => uri: /user/update
2024-08-01T17:01:21.684+08:00  INFO 19520 --- [proj-demo] [http-nio-8080-exec-5] c.b.p.interceptor.TokenInterceptor       : interceptor => token: eyJraWQiOiJicm9ueWEiLCJhbGciOiJIUzI1NiJ9.eyJpZCI6MSwidXNlcm5hbWUiOiJyb290IiwiZXhwIjoxNzIyNTA2NDI5fQ.MRJNKLbdz5YxjF8MYuy03K__hZrUABeh6QZjfgzbEkI
2024-08-01T17:01:21.686+08:00  INFO 19520 --- [proj-demo] [http-nio-8080-exec-5] c.b.p.interceptor.TokenInterceptor       : interceptor => id: 1
2024-08-01T17:01:21.686+08:00  INFO 19520 --- [proj-demo] [http-nio-8080-exec-5] c.b.p.interceptor.TokenInterceptor       : interceptor => username: root
2024-08-01T17:01:21.687+08:00  INFO 19520 --- [proj-demo] [http-nio-8080-exec-5] c.b.p.interceptor.TokenInterceptor       : interceptor => exp: 1722506429
2024-08-01T17:01:21.705+08:00 ERROR 19520 --- [proj-demo] [http-nio-8080-exec-5] c.b.projdemo.exception.ErrorHandler      : Validation failed for argument [0] in public com.bronya.projdemo.pojo.Result<java.lang.String> com.bronya.projdemo.controller.UserController.update(com.bronya.projdemo.pojo.User): [Field error in object 'user' on field 'nickname': rejected value [a]; codes [Pattern.user.nickname,Pattern.nickname,Pattern.java.lang.String,Pattern]; arguments [org.springframework.context.support.DefaultMessageSourceResolvable: codes [user.nickname,nickname]; arguments []; default message [nickname],[Ljakarta.validation.constraints.Pattern$Flag;@713992a8,^\w{4,16}$]; default message [需要匹配正则表达式"^\w{4,16}$"]] 
2024-08-01T17:01:28.961+08:00  INFO 19520 --- [proj-demo] [http-nio-8080-exec-7] c.b.p.interceptor.TokenInterceptor       : interceptor => uri: /user/update
2024-08-01T17:01:28.961+08:00  INFO 19520 --- [proj-demo] [http-nio-8080-exec-7] c.b.p.interceptor.TokenInterceptor       : interceptor => token: eyJraWQiOiJicm9ueWEiLCJhbGciOiJIUzI1NiJ9.eyJpZCI6MSwidXNlcm5hbWUiOiJyb290IiwiZXhwIjoxNzIyNTA2NDI5fQ.MRJNKLbdz5YxjF8MYuy03K__hZrUABeh6QZjfgzbEkI
2024-08-01T17:01:28.962+08:00  INFO 19520 --- [proj-demo] [http-nio-8080-exec-7] c.b.p.interceptor.TokenInterceptor       : interceptor => id: 1
2024-08-01T17:01:28.963+08:00  INFO 19520 --- [proj-demo] [http-nio-8080-exec-7] c.b.p.interceptor.TokenInterceptor       : interceptor => username: root
2024-08-01T17:01:28.963+08:00  INFO 19520 --- [proj-demo] [http-nio-8080-exec-7] c.b.p.interceptor.TokenInterceptor       : interceptor => exp: 1722506429
2024-08-01T17:01:28.965+08:00 ERROR 19520 --- [proj-demo] [http-nio-8080-exec-7] c.b.projdemo.exception.ErrorHandler      : Validation failed for argument [0] in public com.bronya.projdemo.pojo.Result<java.lang.String> com.bronya.projdemo.controller.UserController.update(com.bronya.projdemo.pojo.User): [Field error in object 'user' on field 'nickname': rejected value [adm]; codes [Pattern.user.nickname,Pattern.nickname,Pattern.java.lang.String,Pattern]; arguments [org.springframework.context.support.DefaultMessageSourceResolvable: codes [user.nickname,nickname]; arguments []; default message [nickname],[Ljakarta.validation.constraints.Pattern$Flag;@713992a8,^\w{4,16}$]; default message [需要匹配正则表达式"^\w{4,16}$"]] 
2024-08-01T17:01:33.978+08:00  INFO 19520 --- [proj-demo] [http-nio-8080-exec-8] c.b.p.interceptor.TokenInterceptor       : interceptor => uri: /user/update
2024-08-01T17:01:33.979+08:00  INFO 19520 --- [proj-demo] [http-nio-8080-exec-8] c.b.p.interceptor.TokenInterceptor       : interceptor => token: eyJraWQiOiJicm9ueWEiLCJhbGciOiJIUzI1NiJ9.eyJpZCI6MSwidXNlcm5hbWUiOiJyb290IiwiZXhwIjoxNzIyNTA2NDI5fQ.MRJNKLbdz5YxjF8MYuy03K__hZrUABeh6QZjfgzbEkI
2024-08-01T17:01:33.979+08:00  INFO 19520 --- [proj-demo] [http-nio-8080-exec-8] c.b.p.interceptor.TokenInterceptor       : interceptor => id: 1
2024-08-01T17:01:33.979+08:00  INFO 19520 --- [proj-demo] [http-nio-8080-exec-8] c.b.p.interceptor.TokenInterceptor       : interceptor => username: root
2024-08-01T17:01:33.979+08:00  INFO 19520 --- [proj-demo] [http-nio-8080-exec-8] c.b.p.interceptor.TokenInterceptor       : interceptor => exp: 1722506429
2024-08-01T17:01:44.099+08:00  INFO 19520 --- [proj-demo] [http-nio-8080-exec-9] c.b.p.interceptor.TokenInterceptor       : interceptor => uri: /user/userinfo
2024-08-01T17:01:44.100+08:00  INFO 19520 --- [proj-demo] [http-nio-8080-exec-9] c.b.p.interceptor.TokenInterceptor       : interceptor => token: eyJraWQiOiJicm9ueWEiLCJhbGciOiJIUzI1NiJ9.eyJpZCI6MSwidXNlcm5hbWUiOiJyb290IiwiZXhwIjoxNzIyNTA2NDI5fQ.MRJNKLbdz5YxjF8MYuy03K__hZrUABeh6QZjfgzbEkI
2024-08-01T17:01:44.101+08:00  INFO 19520 --- [proj-demo] [http-nio-8080-exec-9] c.b.p.interceptor.TokenInterceptor       : interceptor => id: 1
2024-08-01T17:01:44.101+08:00  INFO 19520 --- [proj-demo] [http-nio-8080-exec-9] c.b.p.interceptor.TokenInterceptor       : interceptor => username: root
2024-08-01T17:01:44.101+08:00  INFO 19520 --- [proj-demo] [http-nio-8080-exec-9] c.b.p.interceptor.TokenInterceptor       : interceptor => exp: 1722506429
2024-08-01T17:01:44.104+08:00  INFO 19520 --- [proj-demo] [http-nio-8080-exec-9] c.b.projdemo.controller.UserController   : JWT => username: root
2024-08-01T17:01:44.104+08:00  INFO 19520 --- [proj-demo] [http-nio-8080-exec-9] c.b.projdemo.controller.UserController   : ThreadLocal => username: root
2024-08-01T17:02:58.491+08:00  INFO 19520 --- [proj-demo] [http-nio-8080-exec-1] c.b.p.interceptor.TokenInterceptor       : interceptor => uri: /user/updateAvatar
2024-08-01T17:02:58.491+08:00  INFO 19520 --- [proj-demo] [http-nio-8080-exec-1] c.b.p.interceptor.TokenInterceptor       : interceptor => token: eyJraWQiOiJicm9ueWEiLCJhbGciOiJIUzI1NiJ9.eyJpZCI6MSwidXNlcm5hbWUiOiJyb290IiwiZXhwIjoxNzIyNTA2NDI5fQ.MRJNKLbdz5YxjF8MYuy03K__hZrUABeh6QZjfgzbEkI
2024-08-01T17:02:58.496+08:00  INFO 19520 --- [proj-demo] [http-nio-8080-exec-1] c.b.p.interceptor.TokenInterceptor       : interceptor => id: 1
2024-08-01T17:02:58.496+08:00  INFO 19520 --- [proj-demo] [http-nio-8080-exec-1] c.b.p.interceptor.TokenInterceptor       : interceptor => username: root
2024-08-01T17:02:58.496+08:00  INFO 19520 --- [proj-demo] [http-nio-8080-exec-1] c.b.p.interceptor.TokenInterceptor       : interceptor => exp: 1722506429
2024-08-01T17:03:05.531+08:00  INFO 19520 --- [proj-demo] [http-nio-8080-exec-2] c.b.p.interceptor.TokenInterceptor       : interceptor => uri: /user/userinfo
2024-08-01T17:03:05.531+08:00  INFO 19520 --- [proj-demo] [http-nio-8080-exec-2] c.b.p.interceptor.TokenInterceptor       : interceptor => token: eyJraWQiOiJicm9ueWEiLCJhbGciOiJIUzI1NiJ9.eyJpZCI6MSwidXNlcm5hbWUiOiJyb290IiwiZXhwIjoxNzIyNTA2NDI5fQ.MRJNKLbdz5YxjF8MYuy03K__hZrUABeh6QZjfgzbEkI
2024-08-01T17:03:05.531+08:00  INFO 19520 --- [proj-demo] [http-nio-8080-exec-2] c.b.p.interceptor.TokenInterceptor       : interceptor => id: 1
2024-08-01T17:03:05.531+08:00  INFO 19520 --- [proj-demo] [http-nio-8080-exec-2] c.b.p.interceptor.TokenInterceptor       : interceptor => username: root
2024-08-01T17:03:05.531+08:00  INFO 19520 --- [proj-demo] [http-nio-8080-exec-2] c.b.p.interceptor.TokenInterceptor       : interceptor => exp: 1722506429
2024-08-01T17:03:05.538+08:00  INFO 19520 --- [proj-demo] [http-nio-8080-exec-2] c.b.projdemo.controller.UserController   : JWT => username: root
2024-08-01T17:03:05.538+08:00  INFO 19520 --- [proj-demo] [http-nio-8080-exec-2] c.b.projdemo.controller.UserController   : ThreadLocal => username: root
2024-08-01T17:04:07.441+08:00  INFO 19520 --- [proj-demo] [http-nio-8080-exec-4] c.b.p.interceptor.TokenInterceptor       : interceptor => uri: /user/updatePwd
2024-08-01T17:04:07.441+08:00  INFO 19520 --- [proj-demo] [http-nio-8080-exec-4] c.b.p.interceptor.TokenInterceptor       : interceptor => token: eyJraWQiOiJicm9ueWEiLCJhbGciOiJIUzI1NiJ9.eyJpZCI6MTUsInVzZXJuYW1lIjoicm9vdCIsImV4cCI6MTcyMjUwNjEyMH0.x-Zbjv2faXv7fgGvzel6gCJW-LE-Aq4nTPYmkygBGsY
2024-08-01T17:04:07.441+08:00  INFO 19520 --- [proj-demo] [http-nio-8080-exec-4] c.b.p.interceptor.TokenInterceptor       : error message: JWT signature does not match locally computed signature. JWT validity cannot be asserted and should not be trusted.
2024-08-01T17:04:18.141+08:00  INFO 19520 --- [proj-demo] [http-nio-8080-exec-6] c.b.p.interceptor.TokenInterceptor       : interceptor => uri: /user/updatePwd
2024-08-01T17:04:18.141+08:00  INFO 19520 --- [proj-demo] [http-nio-8080-exec-6] c.b.p.interceptor.TokenInterceptor       : interceptor => token: eyJraWQiOiJicm9ueWEiLCJhbGciOiJIUzI1NiJ9.eyJpZCI6MSwidXNlcm5hbWUiOiJyb290IiwiZXhwIjoxNzIyNTA2NDI5fQ.MRJNKLbdz5YxjF8MYuy03K__hZrUABeh6QZjfgzbEkI
2024-08-01T17:04:18.141+08:00  INFO 19520 --- [proj-demo] [http-nio-8080-exec-6] c.b.p.interceptor.TokenInterceptor       : interceptor => id: 1
2024-08-01T17:04:18.141+08:00  INFO 19520 --- [proj-demo] [http-nio-8080-exec-6] c.b.p.interceptor.TokenInterceptor       : interceptor => username: root
2024-08-01T17:04:18.141+08:00  INFO 19520 --- [proj-demo] [http-nio-8080-exec-6] c.b.p.interceptor.TokenInterceptor       : interceptor => exp: 1722506429
2024-08-01T17:08:03.569+08:00  INFO 19520 --- [proj-demo] [SpringApplicationShutdownHook] com.zaxxer.hikari.HikariDataSource       : HikariPool-1 - Shutdown initiated...
2024-08-01T17:08:03.579+08:00  INFO 19520 --- [proj-demo] [SpringApplicationShutdownHook] com.zaxxer.hikari.HikariDataSource       : HikariPool-1 - Shutdown completed.
2024-08-01T17:08:06.552+08:00  INFO 22416 --- [proj-demo] [main] c.bronya.projdemo.ProjDemoApplication    : Starting ProjDemoApplication using Java 21.0.3 with PID 22416 (C:\Users\admin\workspace\backend\proj-demo\target\classes started by admin in C:\Users\admin\workspace\backend\proj-demo)
2024-08-01T17:08:06.554+08:00  INFO 22416 --- [proj-demo] [main] c.bronya.projdemo.ProjDemoApplication    : No active profile set, falling back to 1 default profile: "default"
2024-08-01T17:08:07.764+08:00  INFO 22416 --- [proj-demo] [main] o.s.b.w.embedded.tomcat.TomcatWebServer  : Tomcat initialized with port 8080 (http)
2024-08-01T17:08:07.775+08:00  INFO 22416 --- [proj-demo] [main] o.apache.catalina.core.StandardService   : Starting service [Tomcat]
2024-08-01T17:08:07.775+08:00  INFO 22416 --- [proj-demo] [main] o.apache.catalina.core.StandardEngine    : Starting Servlet engine: [Apache Tomcat/10.1.26]
2024-08-01T17:08:07.817+08:00  INFO 22416 --- [proj-demo] [main] o.a.c.c.C.[Tomcat].[localhost].[/]       : Initializing Spring embedded WebApplicationContext
2024-08-01T17:08:07.817+08:00  INFO 22416 --- [proj-demo] [main] w.s.c.ServletWebServerApplicationContext : Root WebApplicationContext: initialization completed in 1232 ms
2024-08-01T17:08:08.688+08:00  INFO 22416 --- [proj-demo] [main] o.s.b.a.e.web.EndpointLinksResolver      : Exposing 1 endpoint beneath base path '/actuator'
2024-08-01T17:08:08.752+08:00  INFO 22416 --- [proj-demo] [main] o.s.b.w.embedded.tomcat.TomcatWebServer  : Tomcat started on port 8080 (http) with context path '/'
2024-08-01T17:08:08.762+08:00  INFO 22416 --- [proj-demo] [main] c.bronya.projdemo.ProjDemoApplication    : Started ProjDemoApplication in 2.521 seconds (process running for 2.918)
2024-08-01T17:08:09.070+08:00  INFO 22416 --- [proj-demo] [RMI TCP Connection(1)-192.168.220.1] o.a.c.c.C.[Tomcat].[localhost].[/]       : Initializing Spring DispatcherServlet 'dispatcherServlet'
2024-08-01T17:08:09.070+08:00  INFO 22416 --- [proj-demo] [RMI TCP Connection(1)-192.168.220.1] o.s.web.servlet.DispatcherServlet        : Initializing Servlet 'dispatcherServlet'
2024-08-01T17:08:09.071+08:00  INFO 22416 --- [proj-demo] [RMI TCP Connection(1)-192.168.220.1] o.s.web.servlet.DispatcherServlet        : Completed initialization in 1 ms
2024-08-01T17:08:09.071+08:00  INFO 22416 --- [proj-demo] [RMI TCP Connection(2)-192.168.220.1] com.zaxxer.hikari.HikariDataSource       : HikariPool-1 - Starting...
2024-08-01T17:08:09.369+08:00  INFO 22416 --- [proj-demo] [RMI TCP Connection(2)-192.168.220.1] com.zaxxer.hikari.pool.HikariPool        : HikariPool-1 - Added connection com.mysql.cj.jdbc.ConnectionImpl@2f289feb
2024-08-01T17:08:09.378+08:00  INFO 22416 --- [proj-demo] [RMI TCP Connection(2)-192.168.220.1] com.zaxxer.hikari.HikariDataSource       : HikariPool-1 - Start completed.
2024-08-01T17:08:23.326+08:00 ERROR 22416 --- [proj-demo] [http-nio-8080-exec-1] c.b.projdemo.exception.ErrorHandler      : 400 BAD_REQUEST "Validation failure"
2024-08-01T17:09:23.373+08:00  WARN 22416 --- [proj-demo] [http-nio-8080-exec-4] c.b.projdemo.controller.UserController   : token: eyJraWQiOiJicm9ueWEiLCJhbGciOiJIUzI1NiJ9.eyJpZCI6MiwidXNlcm5hbWUiOiJmdWNrIiwiZXhwIjoxNzIyNTA2OTYzfQ.e3L-KQ-nVY9bTBoF35zuUtHmHztnN97K6J22--FgKgQ
2024-08-01T17:09:44.794+08:00  INFO 22416 --- [proj-demo] [http-nio-8080-exec-8] c.b.p.interceptor.TokenInterceptor       : interceptor => uri: /user/updatePwd
2024-08-01T17:09:44.795+08:00  INFO 22416 --- [proj-demo] [http-nio-8080-exec-8] c.b.p.interceptor.TokenInterceptor       : interceptor => token: eyJraWQiOiJicm9ueWEiLCJhbGciOiJIUzI1NiJ9.eyJpZCI6MiwidXNlcm5hbWUiOiJmdWNrIiwiZXhwIjoxNzIyNTA2OTYzfQ.e3L-KQ-nVY9bTBoF35zuUtHmHztnN97K6J22--FgKgQ
2024-08-01T17:09:44.813+08:00  INFO 22416 --- [proj-demo] [http-nio-8080-exec-8] c.b.p.interceptor.TokenInterceptor       : interceptor => id: 2
2024-08-01T17:09:44.813+08:00  INFO 22416 --- [proj-demo] [http-nio-8080-exec-8] c.b.p.interceptor.TokenInterceptor       : interceptor => username: fuck
2024-08-01T17:09:44.813+08:00  INFO 22416 --- [proj-demo] [http-nio-8080-exec-8] c.b.p.interceptor.TokenInterceptor       : interceptor => exp: 1722506963
2024-08-01T17:12:33.962+08:00  INFO 22416 --- [proj-demo] [SpringApplicationShutdownHook] com.zaxxer.hikari.HikariDataSource       : HikariPool-1 - Shutdown initiated...
2024-08-01T17:12:33.979+08:00  INFO 22416 --- [proj-demo] [SpringApplicationShutdownHook] com.zaxxer.hikari.HikariDataSource       : HikariPool-1 - Shutdown completed.
2024-08-01T17:12:36.961+08:00  INFO 9700 --- [proj-demo] [main] c.bronya.projdemo.ProjDemoApplication    : Starting ProjDemoApplication using Java 21.0.3 with PID 9700 (C:\Users\admin\workspace\backend\proj-demo\target\classes started by admin in C:\Users\admin\workspace\backend\proj-demo)
2024-08-01T17:12:36.963+08:00  INFO 9700 --- [proj-demo] [main] c.bronya.projdemo.ProjDemoApplication    : No active profile set, falling back to 1 default profile: "default"
2024-08-01T17:12:38.180+08:00  INFO 9700 --- [proj-demo] [main] o.s.b.w.embedded.tomcat.TomcatWebServer  : Tomcat initialized with port 8080 (http)
2024-08-01T17:12:38.191+08:00  INFO 9700 --- [proj-demo] [main] o.apache.catalina.core.StandardService   : Starting service [Tomcat]
2024-08-01T17:12:38.192+08:00  INFO 9700 --- [proj-demo] [main] o.apache.catalina.core.StandardEngine    : Starting Servlet engine: [Apache Tomcat/10.1.26]
2024-08-01T17:12:38.230+08:00  INFO 9700 --- [proj-demo] [main] o.a.c.c.C.[Tomcat].[localhost].[/]       : Initializing Spring embedded WebApplicationContext
2024-08-01T17:12:38.230+08:00  INFO 9700 --- [proj-demo] [main] w.s.c.ServletWebServerApplicationContext : Root WebApplicationContext: initialization completed in 1236 ms
2024-08-01T17:12:39.088+08:00  INFO 9700 --- [proj-demo] [main] o.s.b.a.e.web.EndpointLinksResolver      : Exposing 1 endpoint beneath base path '/actuator'
2024-08-01T17:12:39.146+08:00  INFO 9700 --- [proj-demo] [main] o.s.b.w.embedded.tomcat.TomcatWebServer  : Tomcat started on port 8080 (http) with context path '/'
2024-08-01T17:12:39.154+08:00  INFO 9700 --- [proj-demo] [main] c.bronya.projdemo.ProjDemoApplication    : Started ProjDemoApplication in 2.502 seconds (process running for 2.897)
2024-08-01T17:12:39.482+08:00  INFO 9700 --- [proj-demo] [RMI TCP Connection(2)-192.168.220.1] o.a.c.c.C.[Tomcat].[localhost].[/]       : Initializing Spring DispatcherServlet 'dispatcherServlet'
2024-08-01T17:12:39.482+08:00  INFO 9700 --- [proj-demo] [RMI TCP Connection(2)-192.168.220.1] o.s.web.servlet.DispatcherServlet        : Initializing Servlet 'dispatcherServlet'
2024-08-01T17:12:39.484+08:00  INFO 9700 --- [proj-demo] [RMI TCP Connection(2)-192.168.220.1] o.s.web.servlet.DispatcherServlet        : Completed initialization in 1 ms
2024-08-01T17:12:39.483+08:00  INFO 9700 --- [proj-demo] [RMI TCP Connection(3)-192.168.220.1] com.zaxxer.hikari.HikariDataSource       : HikariPool-1 - Starting...
2024-08-01T17:12:39.745+08:00  INFO 9700 --- [proj-demo] [RMI TCP Connection(3)-192.168.220.1] com.zaxxer.hikari.pool.HikariPool        : HikariPool-1 - Added connection com.mysql.cj.jdbc.ConnectionImpl@565a26b1
2024-08-01T17:12:39.747+08:00  INFO 9700 --- [proj-demo] [RMI TCP Connection(3)-192.168.220.1] com.zaxxer.hikari.HikariDataSource       : HikariPool-1 - Start completed.
2024-08-01T17:12:51.321+08:00  WARN 9700 --- [proj-demo] [http-nio-8080-exec-2] c.b.projdemo.controller.UserController   : token: eyJraWQiOiJicm9ueWEiLCJhbGciOiJIUzI1NiJ9.eyJpZCI6MywidXNlcm5hbWUiOiJkaWNrIiwiZXhwIjoxNzIyNTA3MTcxfQ.yuLM849H__ScQUacgQx5nyyEE7EUt6R4mJ06PA0ajiU
2024-08-01T17:13:07.738+08:00  INFO 9700 --- [proj-demo] [http-nio-8080-exec-3] c.b.p.interceptor.TokenInterceptor       : interceptor => uri: /user/updatePwd
2024-08-01T17:13:07.738+08:00  INFO 9700 --- [proj-demo] [http-nio-8080-exec-3] c.b.p.interceptor.TokenInterceptor       : interceptor => token: eyJraWQiOiJicm9ueWEiLCJhbGciOiJIUzI1NiJ9.eyJpZCI6MiwidXNlcm5hbWUiOiJmdWNrIiwiZXhwIjoxNzIyNTA2OTYzfQ.e3L-KQ-nVY9bTBoF35zuUtHmHztnN97K6J22--FgKgQ
2024-08-01T17:13:07.762+08:00  INFO 9700 --- [proj-demo] [http-nio-8080-exec-3] c.b.p.interceptor.TokenInterceptor       : error message: JWT signature does not match locally computed signature. JWT validity cannot be asserted and should not be trusted.
2024-08-01T17:13:14.518+08:00  INFO 9700 --- [proj-demo] [http-nio-8080-exec-4] c.b.p.interceptor.TokenInterceptor       : interceptor => uri: /user/updatePwd
2024-08-01T17:13:14.518+08:00  INFO 9700 --- [proj-demo] [http-nio-8080-exec-4] c.b.p.interceptor.TokenInterceptor       : interceptor => token: eyJraWQiOiJicm9ueWEiLCJhbGciOiJIUzI1NiJ9.eyJpZCI6MywidXNlcm5hbWUiOiJkaWNrIiwiZXhwIjoxNzIyNTA3MTcxfQ.yuLM849H__ScQUacgQx5nyyEE7EUt6R4mJ06PA0ajiU
2024-08-01T17:13:14.524+08:00  INFO 9700 --- [proj-demo] [http-nio-8080-exec-4] c.b.p.interceptor.TokenInterceptor       : interceptor => id: 3
2024-08-01T17:13:14.524+08:00  INFO 9700 --- [proj-demo] [http-nio-8080-exec-4] c.b.p.interceptor.TokenInterceptor       : interceptor => username: dick
2024-08-01T17:13:14.525+08:00  INFO 9700 --- [proj-demo] [http-nio-8080-exec-4] c.b.p.interceptor.TokenInterceptor       : interceptor => exp: 1722507171
2024-08-01T17:13:14.544+08:00  INFO 9700 --- [proj-demo] [http-nio-8080-exec-4] c.b.projdemo.controller.UserController   : 6 [6, 1234]
2024-08-01T17:14:13.516+08:00  INFO 9700 --- [proj-demo] [SpringApplicationShutdownHook] com.zaxxer.hikari.HikariDataSource       : HikariPool-1 - Shutdown initiated...
2024-08-01T17:14:13.525+08:00  INFO 9700 --- [proj-demo] [SpringApplicationShutdownHook] com.zaxxer.hikari.HikariDataSource       : HikariPool-1 - Shutdown completed.
2024-08-01T17:14:16.458+08:00  INFO 15720 --- [proj-demo] [main] c.bronya.projdemo.ProjDemoApplication    : Starting ProjDemoApplication using Java 21.0.3 with PID 15720 (C:\Users\admin\workspace\backend\proj-demo\target\classes started by admin in C:\Users\admin\workspace\backend\proj-demo)
2024-08-01T17:14:16.460+08:00  INFO 15720 --- [proj-demo] [main] c.bronya.projdemo.ProjDemoApplication    : No active profile set, falling back to 1 default profile: "default"
2024-08-01T17:14:17.752+08:00  INFO 15720 --- [proj-demo] [main] o.s.b.w.embedded.tomcat.TomcatWebServer  : Tomcat initialized with port 8080 (http)
2024-08-01T17:14:17.764+08:00  INFO 15720 --- [proj-demo] [main] o.apache.catalina.core.StandardService   : Starting service [Tomcat]
2024-08-01T17:14:17.764+08:00  INFO 15720 --- [proj-demo] [main] o.apache.catalina.core.StandardEngine    : Starting Servlet engine: [Apache Tomcat/10.1.26]
2024-08-01T17:14:17.818+08:00  INFO 15720 --- [proj-demo] [main] o.a.c.c.C.[Tomcat].[localhost].[/]       : Initializing Spring embedded WebApplicationContext
2024-08-01T17:14:17.818+08:00  INFO 15720 --- [proj-demo] [main] w.s.c.ServletWebServerApplicationContext : Root WebApplicationContext: initialization completed in 1327 ms
2024-08-01T17:14:18.816+08:00  INFO 15720 --- [proj-demo] [main] o.s.b.a.e.web.EndpointLinksResolver      : Exposing 1 endpoint beneath base path '/actuator'
2024-08-01T17:14:18.873+08:00  INFO 15720 --- [proj-demo] [main] o.s.b.w.embedded.tomcat.TomcatWebServer  : Tomcat started on port 8080 (http) with context path '/'
2024-08-01T17:14:18.882+08:00  INFO 15720 --- [proj-demo] [main] c.bronya.projdemo.ProjDemoApplication    : Started ProjDemoApplication in 2.741 seconds (process running for 3.139)
2024-08-01T17:14:19.468+08:00  INFO 15720 --- [proj-demo] [RMI TCP Connection(3)-192.168.220.1] o.a.c.c.C.[Tomcat].[localhost].[/]       : Initializing Spring DispatcherServlet 'dispatcherServlet'
2024-08-01T17:14:19.469+08:00  INFO 15720 --- [proj-demo] [RMI TCP Connection(3)-192.168.220.1] o.s.web.servlet.DispatcherServlet        : Initializing Servlet 'dispatcherServlet'
2024-08-01T17:14:19.470+08:00  INFO 15720 --- [proj-demo] [RMI TCP Connection(3)-192.168.220.1] o.s.web.servlet.DispatcherServlet        : Completed initialization in 1 ms
2024-08-01T17:14:19.470+08:00  INFO 15720 --- [proj-demo] [RMI TCP Connection(2)-192.168.220.1] com.zaxxer.hikari.HikariDataSource       : HikariPool-1 - Starting...
2024-08-01T17:14:19.746+08:00  INFO 15720 --- [proj-demo] [RMI TCP Connection(2)-192.168.220.1] com.zaxxer.hikari.pool.HikariPool        : HikariPool-1 - Added connection com.mysql.cj.jdbc.ConnectionImpl@2c4c87c3
2024-08-01T17:14:19.748+08:00  INFO 15720 --- [proj-demo] [RMI TCP Connection(2)-192.168.220.1] com.zaxxer.hikari.HikariDataSource       : HikariPool-1 - Start completed.
2024-08-01T17:14:44.220+08:00  WARN 15720 --- [proj-demo] [http-nio-8080-exec-2] c.b.projdemo.controller.UserController   : token: eyJraWQiOiJicm9ueWEiLCJhbGciOiJIUzI1NiJ9.eyJpZCI6NCwidXNlcm5hbWUiOiJ4aWFvbWkiLCJleHAiOjE3MjI1MDcyODR9.F9zla8643PC7L04a46TsJBnD79rM4VrP90AMISj_IDE
2024-08-01T17:14:58.056+08:00  INFO 15720 --- [proj-demo] [http-nio-8080-exec-3] c.b.p.interceptor.TokenInterceptor       : interceptor => uri: /user/updatePwd
2024-08-01T17:14:58.056+08:00  INFO 15720 --- [proj-demo] [http-nio-8080-exec-3] c.b.p.interceptor.TokenInterceptor       : interceptor => token: eyJraWQiOiJicm9ueWEiLCJhbGciOiJIUzI1NiJ9.eyJpZCI6NCwidXNlcm5hbWUiOiJ4aWFvbWkiLCJleHAiOjE3MjI1MDcyODR9.F9zla8643PC7L04a46TsJBnD79rM4VrP90AMISj_IDE
2024-08-01T17:14:58.103+08:00  INFO 15720 --- [proj-demo] [http-nio-8080-exec-3] c.b.p.interceptor.TokenInterceptor       : interceptor => id: 4
2024-08-01T17:14:58.104+08:00  INFO 15720 --- [proj-demo] [http-nio-8080-exec-3] c.b.p.interceptor.TokenInterceptor       : interceptor => username: xiaomi
2024-08-01T17:14:58.104+08:00  INFO 15720 --- [proj-demo] [http-nio-8080-exec-3] c.b.p.interceptor.TokenInterceptor       : interceptor => exp: 1722507284
2024-08-01T17:14:58.121+08:00  INFO 15720 --- [proj-demo] [http-nio-8080-exec-3] c.b.projdemo.controller.UserController   : 6 [6, 1234]
2024-08-01T17:15:26.100+08:00  INFO 15720 --- [proj-demo] [SpringApplicationShutdownHook] com.zaxxer.hikari.HikariDataSource       : HikariPool-1 - Shutdown initiated...
2024-08-01T17:15:26.114+08:00  INFO 15720 --- [proj-demo] [SpringApplicationShutdownHook] com.zaxxer.hikari.HikariDataSource       : HikariPool-1 - Shutdown completed.
2024-08-01T17:15:29.195+08:00  INFO 12824 --- [proj-demo] [main] c.bronya.projdemo.ProjDemoApplication    : Starting ProjDemoApplication using Java 21.0.3 with PID 12824 (C:\Users\admin\workspace\backend\proj-demo\target\classes started by admin in C:\Users\admin\workspace\backend\proj-demo)
2024-08-01T17:15:29.196+08:00  INFO 12824 --- [proj-demo] [main] c.bronya.projdemo.ProjDemoApplication    : No active profile set, falling back to 1 default profile: "default"
2024-08-01T17:15:30.666+08:00  INFO 12824 --- [proj-demo] [main] o.s.b.w.embedded.tomcat.TomcatWebServer  : Tomcat initialized with port 8080 (http)
2024-08-01T17:15:30.677+08:00  INFO 12824 --- [proj-demo] [main] o.apache.catalina.core.StandardService   : Starting service [Tomcat]
2024-08-01T17:15:30.678+08:00  INFO 12824 --- [proj-demo] [main] o.apache.catalina.core.StandardEngine    : Starting Servlet engine: [Apache Tomcat/10.1.26]
2024-08-01T17:15:30.723+08:00  INFO 12824 --- [proj-demo] [main] o.a.c.c.C.[Tomcat].[localhost].[/]       : Initializing Spring embedded WebApplicationContext
2024-08-01T17:15:30.724+08:00  INFO 12824 --- [proj-demo] [main] w.s.c.ServletWebServerApplicationContext : Root WebApplicationContext: initialization completed in 1494 ms
2024-08-01T17:15:31.791+08:00  INFO 12824 --- [proj-demo] [main] o.s.b.a.e.web.EndpointLinksResolver      : Exposing 1 endpoint beneath base path '/actuator'
2024-08-01T17:15:31.848+08:00  INFO 12824 --- [proj-demo] [main] o.s.b.w.embedded.tomcat.TomcatWebServer  : Tomcat started on port 8080 (http) with context path '/'
2024-08-01T17:15:31.857+08:00  INFO 12824 --- [proj-demo] [main] c.bronya.projdemo.ProjDemoApplication    : Started ProjDemoApplication in 2.977 seconds (process running for 3.368)
2024-08-01T17:15:32.230+08:00  INFO 12824 --- [proj-demo] [RMI TCP Connection(2)-192.168.220.1] o.a.c.c.C.[Tomcat].[localhost].[/]       : Initializing Spring DispatcherServlet 'dispatcherServlet'
2024-08-01T17:15:32.230+08:00  INFO 12824 --- [proj-demo] [RMI TCP Connection(2)-192.168.220.1] o.s.web.servlet.DispatcherServlet        : Initializing Servlet 'dispatcherServlet'
2024-08-01T17:15:32.230+08:00  INFO 12824 --- [proj-demo] [RMI TCP Connection(3)-192.168.220.1] com.zaxxer.hikari.HikariDataSource       : HikariPool-1 - Starting...
2024-08-01T17:15:32.233+08:00  INFO 12824 --- [proj-demo] [RMI TCP Connection(2)-192.168.220.1] o.s.web.servlet.DispatcherServlet        : Completed initialization in 3 ms
2024-08-01T17:15:32.500+08:00  INFO 12824 --- [proj-demo] [RMI TCP Connection(3)-192.168.220.1] com.zaxxer.hikari.pool.HikariPool        : HikariPool-1 - Added connection com.mysql.cj.jdbc.ConnectionImpl@37b330f2
2024-08-01T17:15:32.502+08:00  INFO 12824 --- [proj-demo] [RMI TCP Connection(3)-192.168.220.1] com.zaxxer.hikari.HikariDataSource       : HikariPool-1 - Start completed.
2024-08-01T17:15:41.616+08:00  WARN 12824 --- [proj-demo] [http-nio-8080-exec-5] c.b.projdemo.controller.UserController   : token: eyJraWQiOiJicm9ueWEiLCJhbGciOiJIUzI1NiJ9.eyJpZCI6NSwidXNlcm5hbWUiOiJhcHBsZSIsImV4cCI6MTcyMjUwNzM0MX0.hiYzxDiSIg9mc8pN_VK-qNL0QL3fPPZa8pq4_EUvycg
2024-08-01T17:15:55.129+08:00  INFO 12824 --- [proj-demo] [http-nio-8080-exec-2] c.b.p.interceptor.TokenInterceptor       : interceptor => uri: /user/updatePwd
2024-08-01T17:15:55.130+08:00  INFO 12824 --- [proj-demo] [http-nio-8080-exec-2] c.b.p.interceptor.TokenInterceptor       : interceptor => token: eyJraWQiOiJicm9ueWEiLCJhbGciOiJIUzI1NiJ9.eyJpZCI6NSwidXNlcm5hbWUiOiJhcHBsZSIsImV4cCI6MTcyMjUwNzM0MX0.hiYzxDiSIg9mc8pN_VK-qNL0QL3fPPZa8pq4_EUvycg
2024-08-01T17:15:55.155+08:00  INFO 12824 --- [proj-demo] [http-nio-8080-exec-2] c.b.p.interceptor.TokenInterceptor       : interceptor => id: 5
2024-08-01T17:15:55.155+08:00  INFO 12824 --- [proj-demo] [http-nio-8080-exec-2] c.b.p.interceptor.TokenInterceptor       : interceptor => username: apple
2024-08-01T17:15:55.155+08:00  INFO 12824 --- [proj-demo] [http-nio-8080-exec-2] c.b.p.interceptor.TokenInterceptor       : interceptor => exp: 1722507341
2024-08-01T17:15:55.164+08:00  INFO 12824 --- [proj-demo] [http-nio-8080-exec-2] c.b.projdemo.controller.UserController   : 6 [6, 1234]
2024-08-01T17:25:56.985+08:00  INFO 12824 --- [proj-demo] [SpringApplicationShutdownHook] com.zaxxer.hikari.HikariDataSource       : HikariPool-1 - Shutdown initiated...
2024-08-01T17:25:56.995+08:00  INFO 12824 --- [proj-demo] [SpringApplicationShutdownHook] com.zaxxer.hikari.HikariDataSource       : HikariPool-1 - Shutdown completed.
2024-08-01T17:28:44.039+08:00  INFO 3176 --- [proj-demo] [main] c.bronya.projdemo.ProjDemoApplication    : Starting ProjDemoApplication using Java 21.0.3 with PID 3176 (C:\Users\admin\workspace\backend\proj-demo\target\classes started by admin in C:\Users\admin\workspace\backend\proj-demo)
2024-08-01T17:28:44.041+08:00  INFO 3176 --- [proj-demo] [main] c.bronya.projdemo.ProjDemoApplication    : No active profile set, falling back to 1 default profile: "default"
2024-08-01T17:28:45.296+08:00  INFO 3176 --- [proj-demo] [main] o.s.b.w.embedded.tomcat.TomcatWebServer  : Tomcat initialized with port 8080 (http)
2024-08-01T17:28:45.313+08:00  INFO 3176 --- [proj-demo] [main] o.apache.catalina.core.StandardService   : Starting service [Tomcat]
2024-08-01T17:28:45.313+08:00  INFO 3176 --- [proj-demo] [main] o.apache.catalina.core.StandardEngine    : Starting Servlet engine: [Apache Tomcat/10.1.26]
2024-08-01T17:28:45.362+08:00  INFO 3176 --- [proj-demo] [main] o.a.c.c.C.[Tomcat].[localhost].[/]       : Initializing Spring embedded WebApplicationContext
2024-08-01T17:28:45.362+08:00  INFO 3176 --- [proj-demo] [main] w.s.c.ServletWebServerApplicationContext : Root WebApplicationContext: initialization completed in 1291 ms
2024-08-01T17:28:46.242+08:00  INFO 3176 --- [proj-demo] [main] o.s.b.a.e.web.EndpointLinksResolver      : Exposing 1 endpoint beneath base path '/actuator'
2024-08-01T17:28:46.298+08:00  INFO 3176 --- [proj-demo] [main] o.s.b.w.embedded.tomcat.TomcatWebServer  : Tomcat started on port 8080 (http) with context path '/'
2024-08-01T17:28:46.307+08:00  INFO 3176 --- [proj-demo] [main] c.bronya.projdemo.ProjDemoApplication    : Started ProjDemoApplication in 2.575 seconds (process running for 2.969)
2024-08-01T17:28:46.543+08:00  INFO 3176 --- [proj-demo] [RMI TCP Connection(2)-192.168.220.1] o.a.c.c.C.[Tomcat].[localhost].[/]       : Initializing Spring DispatcherServlet 'dispatcherServlet'
2024-08-01T17:28:46.543+08:00  INFO 3176 --- [proj-demo] [RMI TCP Connection(2)-192.168.220.1] o.s.web.servlet.DispatcherServlet        : Initializing Servlet 'dispatcherServlet'
2024-08-01T17:28:46.544+08:00  INFO 3176 --- [proj-demo] [RMI TCP Connection(2)-192.168.220.1] o.s.web.servlet.DispatcherServlet        : Completed initialization in 1 ms
2024-08-01T17:28:46.544+08:00  INFO 3176 --- [proj-demo] [RMI TCP Connection(1)-192.168.220.1] com.zaxxer.hikari.HikariDataSource       : HikariPool-1 - Starting...
2024-08-01T17:28:46.807+08:00  INFO 3176 --- [proj-demo] [RMI TCP Connection(1)-192.168.220.1] com.zaxxer.hikari.pool.HikariPool        : HikariPool-1 - Added connection com.mysql.cj.jdbc.ConnectionImpl@4603b986
2024-08-01T17:28:46.810+08:00  INFO 3176 --- [proj-demo] [RMI TCP Connection(1)-192.168.220.1] com.zaxxer.hikari.HikariDataSource       : HikariPool-1 - Start completed.
2024-08-01T17:29:32.789+08:00  WARN 3176 --- [proj-demo] [http-nio-8080-exec-6] c.b.projdemo.controller.UserController   : token: eyJraWQiOiJicm9ueWEiLCJhbGciOiJIUzI1NiJ9.eyJpZCI6NiwidXNlcm5hbWUiOiJ0b21jYXQiLCJleHAiOjE3MjI1MDgxNzJ9.dR_H2txs1HcJc6Kw3Rvj66dXQwgaBWn7YxHLSt5gASg
2024-08-01T17:29:51.780+08:00  INFO 3176 --- [proj-demo] [http-nio-8080-exec-3] c.b.p.interceptor.TokenInterceptor       : interceptor => uri: /user/updatePwd
2024-08-01T17:29:51.780+08:00  INFO 3176 --- [proj-demo] [http-nio-8080-exec-3] c.b.p.interceptor.TokenInterceptor       : interceptor => token: eyJraWQiOiJicm9ueWEiLCJhbGciOiJIUzI1NiJ9.eyJpZCI6NiwidXNlcm5hbWUiOiJ0b21jYXQiLCJleHAiOjE3MjI1MDgxNzJ9.dR_H2txs1HcJc6Kw3Rvj66dXQwgaBWn7YxHLSt5gASg
2024-08-01T17:29:51.824+08:00  INFO 3176 --- [proj-demo] [http-nio-8080-exec-3] c.b.p.interceptor.TokenInterceptor       : interceptor => id: 6
2024-08-01T17:29:51.825+08:00  INFO 3176 --- [proj-demo] [http-nio-8080-exec-3] c.b.p.interceptor.TokenInterceptor       : interceptor => username: tomcat
2024-08-01T17:29:51.825+08:00  INFO 3176 --- [proj-demo] [http-nio-8080-exec-3] c.b.p.interceptor.TokenInterceptor       : interceptor => exp: 1722508172
2024-08-01T17:30:05.632+08:00  INFO 3176 --- [proj-demo] [http-nio-8080-exec-4] c.b.p.interceptor.TokenInterceptor       : interceptor => uri: /user/updatePwd
2024-08-01T17:30:05.632+08:00  INFO 3176 --- [proj-demo] [http-nio-8080-exec-4] c.b.p.interceptor.TokenInterceptor       : interceptor => token: eyJraWQiOiJicm9ueWEiLCJhbGciOiJIUzI1NiJ9.eyJpZCI6NiwidXNlcm5hbWUiOiJ0b21jYXQiLCJleHAiOjE3MjI1MDgxNzJ9.dR_H2txs1HcJc6Kw3Rvj66dXQwgaBWn7YxHLSt5gASg
2024-08-01T17:30:05.633+08:00  INFO 3176 --- [proj-demo] [http-nio-8080-exec-4] c.b.p.interceptor.TokenInterceptor       : interceptor => id: 6
2024-08-01T17:30:05.633+08:00  INFO 3176 --- [proj-demo] [http-nio-8080-exec-4] c.b.p.interceptor.TokenInterceptor       : interceptor => username: tomcat
2024-08-01T17:30:05.633+08:00  INFO 3176 --- [proj-demo] [http-nio-8080-exec-4] c.b.p.interceptor.TokenInterceptor       : interceptor => exp: 1722508172
2024-08-01T17:30:24.447+08:00  INFO 3176 --- [proj-demo] [http-nio-8080-exec-5] c.b.p.interceptor.TokenInterceptor       : interceptor => uri: /user/updatePwd
2024-08-01T17:30:24.447+08:00  INFO 3176 --- [proj-demo] [http-nio-8080-exec-5] c.b.p.interceptor.TokenInterceptor       : interceptor => token: eyJraWQiOiJicm9ueWEiLCJhbGciOiJIUzI1NiJ9.eyJpZCI6NiwidXNlcm5hbWUiOiJ0b21jYXQiLCJleHAiOjE3MjI1MDgxNzJ9.dR_H2txs1HcJc6Kw3Rvj66dXQwgaBWn7YxHLSt5gASg
2024-08-01T17:30:24.448+08:00  INFO 3176 --- [proj-demo] [http-nio-8080-exec-5] c.b.p.interceptor.TokenInterceptor       : interceptor => id: 6
2024-08-01T17:30:24.449+08:00  INFO 3176 --- [proj-demo] [http-nio-8080-exec-5] c.b.p.interceptor.TokenInterceptor       : interceptor => username: tomcat
2024-08-01T17:30:24.449+08:00  INFO 3176 --- [proj-demo] [http-nio-8080-exec-5] c.b.p.interceptor.TokenInterceptor       : interceptor => exp: 1722508172
2024-08-01T17:30:28.276+08:00  INFO 3176 --- [proj-demo] [http-nio-8080-exec-7] c.b.p.interceptor.TokenInterceptor       : interceptor => uri: /user/updatePwd
2024-08-01T17:30:28.277+08:00  INFO 3176 --- [proj-demo] [http-nio-8080-exec-7] c.b.p.interceptor.TokenInterceptor       : interceptor => token: eyJraWQiOiJicm9ueWEiLCJhbGciOiJIUzI1NiJ9.eyJpZCI6NiwidXNlcm5hbWUiOiJ0b21jYXQiLCJleHAiOjE3MjI1MDgxNzJ9.dR_H2txs1HcJc6Kw3Rvj66dXQwgaBWn7YxHLSt5gASg
2024-08-01T17:30:28.278+08:00  INFO 3176 --- [proj-demo] [http-nio-8080-exec-7] c.b.p.interceptor.TokenInterceptor       : interceptor => id: 6
2024-08-01T17:30:28.278+08:00  INFO 3176 --- [proj-demo] [http-nio-8080-exec-7] c.b.p.interceptor.TokenInterceptor       : interceptor => username: tomcat
2024-08-01T17:30:28.278+08:00  INFO 3176 --- [proj-demo] [http-nio-8080-exec-7] c.b.p.interceptor.TokenInterceptor       : interceptor => exp: 1722508172
2024-08-01T17:30:35.098+08:00  INFO 3176 --- [proj-demo] [http-nio-8080-exec-8] c.b.p.interceptor.TokenInterceptor       : interceptor => uri: /user/updatePwd
2024-08-01T17:30:35.098+08:00  INFO 3176 --- [proj-demo] [http-nio-8080-exec-8] c.b.p.interceptor.TokenInterceptor       : interceptor => token: eyJraWQiOiJicm9ueWEiLCJhbGciOiJIUzI1NiJ9.eyJpZCI6NiwidXNlcm5hbWUiOiJ0b21jYXQiLCJleHAiOjE3MjI1MDgxNzJ9.dR_H2txs1HcJc6Kw3Rvj66dXQwgaBWn7YxHLSt5gASg
2024-08-01T17:30:35.099+08:00  INFO 3176 --- [proj-demo] [http-nio-8080-exec-8] c.b.p.interceptor.TokenInterceptor       : interceptor => id: 6
2024-08-01T17:30:35.099+08:00  INFO 3176 --- [proj-demo] [http-nio-8080-exec-8] c.b.p.interceptor.TokenInterceptor       : interceptor => username: tomcat
2024-08-01T17:30:35.099+08:00  INFO 3176 --- [proj-demo] [http-nio-8080-exec-8] c.b.p.interceptor.TokenInterceptor       : interceptor => exp: 1722508172
2024-08-01T17:30:40.420+08:00  INFO 3176 --- [proj-demo] [http-nio-8080-exec-2] c.b.p.interceptor.TokenInterceptor       : interceptor => uri: /user/updatePwd
2024-08-01T17:30:40.420+08:00  INFO 3176 --- [proj-demo] [http-nio-8080-exec-2] c.b.p.interceptor.TokenInterceptor       : interceptor => token: eyJraWQiOiJicm9ueWEiLCJhbGciOiJIUzI1NiJ9.eyJpZCI6NiwidXNlcm5hbWUiOiJ0b21jYXQiLCJleHAiOjE3MjI1MDgxNzJ9.dR_H2txs1HcJc6Kw3Rvj66dXQwgaBWn7YxHLSt5gASg
2024-08-01T17:30:40.421+08:00  INFO 3176 --- [proj-demo] [http-nio-8080-exec-2] c.b.p.interceptor.TokenInterceptor       : interceptor => id: 6
2024-08-01T17:30:40.422+08:00  INFO 3176 --- [proj-demo] [http-nio-8080-exec-2] c.b.p.interceptor.TokenInterceptor       : interceptor => username: tomcat
2024-08-01T17:30:40.422+08:00  INFO 3176 --- [proj-demo] [http-nio-8080-exec-2] c.b.p.interceptor.TokenInterceptor       : interceptor => exp: 1722508172
